  ExtendedTest.cpp
D:\ionut\Info\Faculta\sem II\SDA - Structuri de Date si Algoritmi ( Diana Cristea - Troanca, Solea Victor )\Laboratoare\L6Root\l6_interfata_gresita\SortedIndexedList.h(10,1): error C2803: 'operator ==' must have at least one formal parameter of class type
D:\ionut\Info\Faculta\sem II\SDA - Structuri de Date si Algoritmi ( Diana Cristea - Troanca, Solea Victor )\Laboratoare\L6Root\l6_interfata_gresita\SortedIndexedList.h(29,1): error C2236: unexpected token 'class'. Did you forget a ';'?
D:\ionut\Info\Faculta\sem II\SDA - Structuri de Date si Algoritmi ( Diana Cristea - Troanca, Solea Victor )\Laboratoare\L6Root\l6_interfata_gresita\SortedIndexedList.h(29,25): error C2059: syntax error: '{'
D:\ionut\Info\Faculta\sem II\SDA - Structuri de Date si Algoritmi ( Diana Cristea - Troanca, Solea Victor )\Laboratoare\L6Root\l6_interfata_gresita\SortedIndexedList.h(29,25): error C2143: syntax error: missing ';' before '{'
D:\ionut\Info\Faculta\sem II\SDA - Structuri de Date si Algoritmi ( Diana Cristea - Troanca, Solea Victor )\Laboratoare\L6Root\l6_interfata_gresita\SortedIndexedList.h(29,25): error C2447: '{': missing function header (old-style formal list?)
D:\ionut\Info\Faculta\sem II\SDA - Structuri de Date si Algoritmi ( Diana Cristea - Troanca, Solea Victor )\Laboratoare\L6Root\l6_interfata_gresita\ExtendedTest.cpp(33,24): error C2027: use of undefined type 'SortedIndexedList'
D:\ionut\Info\Faculta\sem II\SDA - Structuri de Date si Algoritmi ( Diana Cristea - Troanca, Solea Victor )\Laboratoare\L6Root\l6_interfata_gresita\ListIterator.h(7): message : see declaration of 'SortedIndexedList'
D:\ionut\Info\Faculta\sem II\SDA - Structuri de Date si Algoritmi ( Diana Cristea - Troanca, Solea Victor )\Laboratoare\L6Root\l6_interfata_gresita\ExtendedTest.cpp(33,18): error C2512: 'ListIterator': no appropriate default constructor available
D:\ionut\Info\Faculta\sem II\SDA - Structuri de Date si Algoritmi ( Diana Cristea - Troanca, Solea Victor )\Laboratoare\L6Root\l6_interfata_gresita\ListIterator.h(6,7): message : see declaration of 'ListIterator'
D:\ionut\Info\Faculta\sem II\SDA - Structuri de Date si Algoritmi ( Diana Cristea - Troanca, Solea Victor )\Laboratoare\L6Root\l6_interfata_gresita\ExtendedTest.cpp(46,2): error C2027: use of undefined type 'SortedIndexedList'
D:\ionut\Info\Faculta\sem II\SDA - Structuri de Date si Algoritmi ( Diana Cristea - Troanca, Solea Victor )\Laboratoare\L6Root\l6_interfata_gresita\ListIterator.h(7): message : see declaration of 'SortedIndexedList'
D:\ionut\Info\Faculta\sem II\SDA - Structuri de Date si Algoritmi ( Diana Cristea - Troanca, Solea Victor )\Laboratoare\L6Root\l6_interfata_gresita\ExtendedTest.cpp(51,27): error C2079: 'list' uses undefined class 'SortedIndexedList'
D:\ionut\Info\Faculta\sem II\SDA - Structuri de Date si Algoritmi ( Diana Cristea - Troanca, Solea Victor )\Laboratoare\L6Root\l6_interfata_gresita\ExtendedTest.cpp(51,44): error C2027: use of undefined type 'SortedIndexedList'
D:\ionut\Info\Faculta\sem II\SDA - Structuri de Date si Algoritmi ( Diana Cristea - Troanca, Solea Victor )\Laboratoare\L6Root\l6_interfata_gresita\ListIterator.h(7): message : see declaration of 'SortedIndexedList'
D:\ionut\Info\Faculta\sem II\SDA - Structuri de Date si Algoritmi ( Diana Cristea - Troanca, Solea Victor )\Laboratoare\L6Root\l6_interfata_gresita\ExtendedTest.cpp(51,27): error C2064: term does not evaluate to a function taking 1 arguments
D:\ionut\Info\Faculta\sem II\SDA - Structuri de Date si Algoritmi ( Diana Cristea - Troanca, Solea Victor )\Laboratoare\L6Root\l6_interfata_gresita\ExtendedTest.cpp(55,18): error C2512: 'ListIterator': no appropriate default constructor available
D:\ionut\Info\Faculta\sem II\SDA - Structuri de Date si Algoritmi ( Diana Cristea - Troanca, Solea Victor )\Laboratoare\L6Root\l6_interfata_gresita\ListIterator.h(6,7): message : see declaration of 'ListIterator'
D:\ionut\Info\Faculta\sem II\SDA - Structuri de Date si Algoritmi ( Diana Cristea - Troanca, Solea Victor )\Laboratoare\L6Root\l6_interfata_gresita\ExtendedTest.cpp(131,7): error C2027: use of undefined type 'SortedIndexedList'
D:\ionut\Info\Faculta\sem II\SDA - Structuri de Date si Algoritmi ( Diana Cristea - Troanca, Solea Victor )\Laboratoare\L6Root\l6_interfata_gresita\ListIterator.h(7): message : see declaration of 'SortedIndexedList'
D:\ionut\Info\Faculta\sem II\SDA - Structuri de Date si Algoritmi ( Diana Cristea - Troanca, Solea Victor )\Laboratoare\L6Root\l6_interfata_gresita\ExtendedTest.cpp(141,7): error C2027: use of undefined type 'SortedIndexedList'
D:\ionut\Info\Faculta\sem II\SDA - Structuri de Date si Algoritmi ( Diana Cristea - Troanca, Solea Victor )\Laboratoare\L6Root\l6_interfata_gresita\ListIterator.h(7): message : see declaration of 'SortedIndexedList'
D:\ionut\Info\Faculta\sem II\SDA - Structuri de Date si Algoritmi ( Diana Cristea - Troanca, Solea Victor )\Laboratoare\L6Root\l6_interfata_gresita\ExtendedTest.cpp(147,27): error C2079: 'list' uses undefined class 'SortedIndexedList'
D:\ionut\Info\Faculta\sem II\SDA - Structuri de Date si Algoritmi ( Diana Cristea - Troanca, Solea Victor )\Laboratoare\L6Root\l6_interfata_gresita\ExtendedTest.cpp(147,44): error C2027: use of undefined type 'SortedIndexedList'
D:\ionut\Info\Faculta\sem II\SDA - Structuri de Date si Algoritmi ( Diana Cristea - Troanca, Solea Victor )\Laboratoare\L6Root\l6_interfata_gresita\ListIterator.h(7): message : see declaration of 'SortedIndexedList'
D:\ionut\Info\Faculta\sem II\SDA - Structuri de Date si Algoritmi ( Diana Cristea - Troanca, Solea Victor )\Laboratoare\L6Root\l6_interfata_gresita\ExtendedTest.cpp(147,27): error C2064: term does not evaluate to a function taking 1 arguments
D:\ionut\Info\Faculta\sem II\SDA - Structuri de Date si Algoritmi ( Diana Cristea - Troanca, Solea Victor )\Laboratoare\L6Root\l6_interfata_gresita\ExtendedTest.cpp(152,41): error C2665: 'populate': none of the 2 overloads could convert all the argument types
D:\ionut\Info\Faculta\sem II\SDA - Structuri de Date si Algoritmi ( Diana Cristea - Troanca, Solea Victor )\Laboratoare\L6Root\l6_interfata_gresita\ExtendedTest.cpp(127,5): message : could be 'int populate(SortedIndexedList &,int,int,int,int)'
D:\ionut\Info\Faculta\sem II\SDA - Structuri de Date si Algoritmi ( Diana Cristea - Troanca, Solea Victor )\Laboratoare\L6Root\l6_interfata_gresita\ExtendedTest.cpp(152,41): message : while trying to match the argument list '(int, int, int, int, int)'
D:\ionut\Info\Faculta\sem II\SDA - Structuri de Date si Algoritmi ( Diana Cristea - Troanca, Solea Victor )\Laboratoare\L6Root\l6_interfata_gresita\ExtendedTest.cpp(171,18): error C2512: 'ListIterator': no appropriate default constructor available
D:\ionut\Info\Faculta\sem II\SDA - Structuri de Date si Algoritmi ( Diana Cristea - Troanca, Solea Victor )\Laboratoare\L6Root\l6_interfata_gresita\ListIterator.h(6,7): message : see declaration of 'ListIterator'
D:\ionut\Info\Faculta\sem II\SDA - Structuri de Date si Algoritmi ( Diana Cristea - Troanca, Solea Victor )\Laboratoare\L6Root\l6_interfata_gresita\ExtendedTest.cpp(182,27): error C2664: 'void testIteratorSteps(SortedIndexedList &,Relation)': cannot convert argument 1 from 'int' to 'SortedIndexedList &'
D:\ionut\Info\Faculta\sem II\SDA - Structuri de Date si Algoritmi ( Diana Cristea - Troanca, Solea Victor )\Laboratoare\L6Root\l6_interfata_gresita\ExtendedTest.cpp(31,6): message : see declaration of 'testIteratorSteps'
D:\ionut\Info\Faculta\sem II\SDA - Structuri de Date si Algoritmi ( Diana Cristea - Troanca, Solea Victor )\Laboratoare\L6Root\l6_interfata_gresita\ExtendedTest.cpp(205,27): error C2079: 'list' uses undefined class 'SortedIndexedList'
D:\ionut\Info\Faculta\sem II\SDA - Structuri de Date si Algoritmi ( Diana Cristea - Troanca, Solea Victor )\Laboratoare\L6Root\l6_interfata_gresita\ExtendedTest.cpp(205,44): error C2027: use of undefined type 'SortedIndexedList'
D:\ionut\Info\Faculta\sem II\SDA - Structuri de Date si Algoritmi ( Diana Cristea - Troanca, Solea Victor )\Laboratoare\L6Root\l6_interfata_gresita\ListIterator.h(7): message : see declaration of 'SortedIndexedList'
D:\ionut\Info\Faculta\sem II\SDA - Structuri de Date si Algoritmi ( Diana Cristea - Troanca, Solea Victor )\Laboratoare\L6Root\l6_interfata_gresita\ExtendedTest.cpp(205,27): error C2064: term does not evaluate to a function taking 1 arguments
D:\ionut\Info\Faculta\sem II\SDA - Structuri de Date si Algoritmi ( Diana Cristea - Troanca, Solea Victor )\Laboratoare\L6Root\l6_interfata_gresita\ExtendedTest.cpp(208,27): error C2665: 'populate': none of the 2 overloads could convert all the argument types
D:\ionut\Info\Faculta\sem II\SDA - Structuri de Date si Algoritmi ( Diana Cristea - Troanca, Solea Victor )\Laboratoare\L6Root\l6_interfata_gresita\ExtendedTest.cpp(137,6): message : could be 'void populate(SortedIndexedList &,int,int)'
D:\ionut\Info\Faculta\sem II\SDA - Structuri de Date si Algoritmi ( Diana Cristea - Troanca, Solea Victor )\Laboratoare\L6Root\l6_interfata_gresita\ExtendedTest.cpp(208,27): message : while trying to match the argument list '(int, int, int)'
D:\ionut\Info\Faculta\sem II\SDA - Structuri de Date si Algoritmi ( Diana Cristea - Troanca, Solea Victor )\Laboratoare\L6Root\l6_interfata_gresita\ExtendedTest.cpp(222,19): error C2512: 'ListIterator': no appropriate default constructor available
D:\ionut\Info\Faculta\sem II\SDA - Structuri de Date si Algoritmi ( Diana Cristea - Troanca, Solea Victor )\Laboratoare\L6Root\l6_interfata_gresita\ListIterator.h(6,7): message : see declaration of 'ListIterator'
D:\ionut\Info\Faculta\sem II\SDA - Structuri de Date si Algoritmi ( Diana Cristea - Troanca, Solea Victor )\Laboratoare\L6Root\l6_interfata_gresita\ExtendedTest.cpp(227,27): error C2664: 'void testIteratorSteps(SortedIndexedList &,Relation)': cannot convert argument 1 from 'int' to 'SortedIndexedList &'
D:\ionut\Info\Faculta\sem II\SDA - Structuri de Date si Algoritmi ( Diana Cristea - Troanca, Solea Victor )\Laboratoare\L6Root\l6_interfata_gresita\ExtendedTest.cpp(31,6): message : see declaration of 'testIteratorSteps'
D:\ionut\Info\Faculta\sem II\SDA - Structuri de Date si Algoritmi ( Diana Cristea - Troanca, Solea Victor )\Laboratoare\L6Root\l6_interfata_gresita\ExtendedTest.cpp(236,20): error C2512: 'ListIterator': no appropriate default constructor available
D:\ionut\Info\Faculta\sem II\SDA - Structuri de Date si Algoritmi ( Diana Cristea - Troanca, Solea Victor )\Laboratoare\L6Root\l6_interfata_gresita\ListIterator.h(6,7): message : see declaration of 'ListIterator'
D:\ionut\Info\Faculta\sem II\SDA - Structuri de Date si Algoritmi ( Diana Cristea - Troanca, Solea Victor )\Laboratoare\L6Root\l6_interfata_gresita\ExtendedTest.cpp(249,28): error C2664: 'void testIteratorSteps(SortedIndexedList &,Relation)': cannot convert argument 1 from 'int' to 'SortedIndexedList &'
D:\ionut\Info\Faculta\sem II\SDA - Structuri de Date si Algoritmi ( Diana Cristea - Troanca, Solea Victor )\Laboratoare\L6Root\l6_interfata_gresita\ExtendedTest.cpp(31,6): message : see declaration of 'testIteratorSteps'
D:\ionut\Info\Faculta\sem II\SDA - Structuri de Date si Algoritmi ( Diana Cristea - Troanca, Solea Victor )\Laboratoare\L6Root\l6_interfata_gresita\ExtendedTest.cpp(259,22): error C2512: 'ListIterator': no appropriate default constructor available
D:\ionut\Info\Faculta\sem II\SDA - Structuri de Date si Algoritmi ( Diana Cristea - Troanca, Solea Victor )\Laboratoare\L6Root\l6_interfata_gresita\ListIterator.h(6,7): message : see declaration of 'ListIterator'
D:\ionut\Info\Faculta\sem II\SDA - Structuri de Date si Algoritmi ( Diana Cristea - Troanca, Solea Victor )\Laboratoare\L6Root\l6_interfata_gresita\ExtendedTest.cpp(294,27): error C2079: 'list' uses undefined class 'SortedIndexedList'
D:\ionut\Info\Faculta\sem II\SDA - Structuri de Date si Algoritmi ( Diana Cristea - Troanca, Solea Victor )\Laboratoare\L6Root\l6_interfata_gresita\ExtendedTest.cpp(294,44): error C2027: use of undefined type 'SortedIndexedList'
D:\ionut\Info\Faculta\sem II\SDA - Structuri de Date si Algoritmi ( Diana Cristea - Troanca, Solea Victor )\Laboratoare\L6Root\l6_interfata_gresita\ListIterator.h(7): message : see declaration of 'SortedIndexedList'
D:\ionut\Info\Faculta\sem II\SDA - Structuri de Date si Algoritmi ( Diana Cristea - Troanca, Solea Victor )\Laboratoare\L6Root\l6_interfata_gresita\ExtendedTest.cpp(294,27): error C2064: term does not evaluate to a function taking 1 arguments
D:\ionut\Info\Faculta\sem II\SDA - Structuri de Date si Algoritmi ( Diana Cristea - Troanca, Solea Victor )\Laboratoare\L6Root\l6_interfata_gresita\ExtendedTest.cpp(310,22): error C2512: 'ListIterator': no appropriate default constructor available
D:\ionut\Info\Faculta\sem II\SDA - Structuri de Date si Algoritmi ( Diana Cristea - Troanca, Solea Victor )\Laboratoare\L6Root\l6_interfata_gresita\ListIterator.h(6,7): message : see declaration of 'ListIterator'
  ListIterator.cpp
D:\ionut\Info\Faculta\sem II\SDA - Structuri de Date si Algoritmi ( Diana Cristea - Troanca, Solea Victor )\Laboratoare\L6Root\l6_interfata_gresita\SortedIndexedList.h(10,1): error C2803: 'operator ==' must have at least one formal parameter of class type
D:\ionut\Info\Faculta\sem II\SDA - Structuri de Date si Algoritmi ( Diana Cristea - Troanca, Solea Victor )\Laboratoare\L6Root\l6_interfata_gresita\SortedIndexedList.h(29,1): error C2236: unexpected token 'class'. Did you forget a ';'?
D:\ionut\Info\Faculta\sem II\SDA - Structuri de Date si Algoritmi ( Diana Cristea - Troanca, Solea Victor )\Laboratoare\L6Root\l6_interfata_gresita\SortedIndexedList.h(29,25): error C2059: syntax error: '{'
D:\ionut\Info\Faculta\sem II\SDA - Structuri de Date si Algoritmi ( Diana Cristea - Troanca, Solea Victor )\Laboratoare\L6Root\l6_interfata_gresita\SortedIndexedList.h(29,25): error C2143: syntax error: missing ';' before '{'
D:\ionut\Info\Faculta\sem II\SDA - Structuri de Date si Algoritmi ( Diana Cristea - Troanca, Solea Victor )\Laboratoare\L6Root\l6_interfata_gresita\SortedIndexedList.h(29,25): error C2447: '{': missing function header (old-style formal list?)
  ShortTest.cpp
D:\ionut\Info\Faculta\sem II\SDA - Structuri de Date si Algoritmi ( Diana Cristea - Troanca, Solea Victor )\Laboratoare\L6Root\l6_interfata_gresita\SortedIndexedList.h(10,1): error C2803: 'operator ==' must have at least one formal parameter of class type
D:\ionut\Info\Faculta\sem II\SDA - Structuri de Date si Algoritmi ( Diana Cristea - Troanca, Solea Victor )\Laboratoare\L6Root\l6_interfata_gresita\SortedIndexedList.h(29,1): error C2236: unexpected token 'class'. Did you forget a ';'?
D:\ionut\Info\Faculta\sem II\SDA - Structuri de Date si Algoritmi ( Diana Cristea - Troanca, Solea Victor )\Laboratoare\L6Root\l6_interfata_gresita\SortedIndexedList.h(29,25): error C2059: syntax error: '{'
D:\ionut\Info\Faculta\sem II\SDA - Structuri de Date si Algoritmi ( Diana Cristea - Troanca, Solea Victor )\Laboratoare\L6Root\l6_interfata_gresita\SortedIndexedList.h(29,25): error C2143: syntax error: missing ';' before '{'
D:\ionut\Info\Faculta\sem II\SDA - Structuri de Date si Algoritmi ( Diana Cristea - Troanca, Solea Victor )\Laboratoare\L6Root\l6_interfata_gresita\SortedIndexedList.h(29,25): error C2447: '{': missing function header (old-style formal list?)
D:\ionut\Info\Faculta\sem II\SDA - Structuri de Date si Algoritmi ( Diana Cristea - Troanca, Solea Victor )\Laboratoare\L6Root\l6_interfata_gresita\ShortTest.cpp(20,27): error C2079: 'list' uses undefined class 'SortedIndexedList'
D:\ionut\Info\Faculta\sem II\SDA - Structuri de Date si Algoritmi ( Diana Cristea - Troanca, Solea Victor )\Laboratoare\L6Root\l6_interfata_gresita\ShortTest.cpp(20,44): error C2027: use of undefined type 'SortedIndexedList'
D:\ionut\Info\Faculta\sem II\SDA - Structuri de Date si Algoritmi ( Diana Cristea - Troanca, Solea Victor )\Laboratoare\L6Root\l6_interfata_gresita\ListIterator.h(7): message : see declaration of 'SortedIndexedList'
D:\ionut\Info\Faculta\sem II\SDA - Structuri de Date si Algoritmi ( Diana Cristea - Troanca, Solea Victor )\Laboratoare\L6Root\l6_interfata_gresita\ShortTest.cpp(20,27): error C2064: term does not evaluate to a function taking 1 arguments
D:\ionut\Info\Faculta\sem II\SDA - Structuri de Date si Algoritmi ( Diana Cristea - Troanca, Solea Victor )\Laboratoare\L6Root\l6_interfata_gresita\ShortTest.cpp(27,27): error C2512: 'ListIterator': no appropriate default constructor available
D:\ionut\Info\Faculta\sem II\SDA - Structuri de Date si Algoritmi ( Diana Cristea - Troanca, Solea Victor )\Laboratoare\L6Root\l6_interfata_gresita\ListIterator.h(6,7): message : see declaration of 'ListIterator'
  SortedIndexedList.cpp
D:\ionut\Info\Faculta\sem II\SDA - Structuri de Date si Algoritmi ( Diana Cristea - Troanca, Solea Victor )\Laboratoare\L6Root\l6_interfata_gresita\SortedIndexedList.h(10,1): error C2803: 'operator ==' must have at least one formal parameter of class type
D:\ionut\Info\Faculta\sem II\SDA - Structuri de Date si Algoritmi ( Diana Cristea - Troanca, Solea Victor )\Laboratoare\L6Root\l6_interfata_gresita\SortedIndexedList.h(29,1): error C2236: unexpected token 'class'. Did you forget a ';'?
D:\ionut\Info\Faculta\sem II\SDA - Structuri de Date si Algoritmi ( Diana Cristea - Troanca, Solea Victor )\Laboratoare\L6Root\l6_interfata_gresita\SortedIndexedList.h(29,25): error C2059: syntax error: '{'
D:\ionut\Info\Faculta\sem II\SDA - Structuri de Date si Algoritmi ( Diana Cristea - Troanca, Solea Victor )\Laboratoare\L6Root\l6_interfata_gresita\SortedIndexedList.h(29,25): error C2143: syntax error: missing ';' before '{'
D:\ionut\Info\Faculta\sem II\SDA - Structuri de Date si Algoritmi ( Diana Cristea - Troanca, Solea Victor )\Laboratoare\L6Root\l6_interfata_gresita\SortedIndexedList.h(29,25): error C2447: '{': missing function header (old-style formal list?)
D:\ionut\Info\Faculta\sem II\SDA - Structuri de Date si Algoritmi ( Diana Cristea - Troanca, Solea Victor )\Laboratoare\L6Root\l6_interfata_gresita\SortedIndexedList.cpp(7,20): error C2027: use of undefined type 'SortedIndexedList'
D:\ionut\Info\Faculta\sem II\SDA - Structuri de Date si Algoritmi ( Diana Cristea - Troanca, Solea Victor )\Laboratoare\L6Root\l6_interfata_gresita\ListIterator.h(7): message : see declaration of 'SortedIndexedList'
D:\ionut\Info\Faculta\sem II\SDA - Structuri de Date si Algoritmi ( Diana Cristea - Troanca, Solea Victor )\Laboratoare\L6Root\l6_interfata_gresita\SortedIndexedList.cpp(7,50): error C4430: missing type specifier - int assumed. Note: C++ does not support default-int
D:\ionut\Info\Faculta\sem II\SDA - Structuri de Date si Algoritmi ( Diana Cristea - Troanca, Solea Victor )\Laboratoare\L6Root\l6_interfata_gresita\SortedIndexedList.cpp(10,2): error C2065: 'root': undeclared identifier
D:\ionut\Info\Faculta\sem II\SDA - Structuri de Date si Algoritmi ( Diana Cristea - Troanca, Solea Victor )\Laboratoare\L6Root\l6_interfata_gresita\SortedIndexedList.cpp(12,2): error C2065: 'root': undeclared identifier
D:\ionut\Info\Faculta\sem II\SDA - Structuri de Date si Algoritmi ( Diana Cristea - Troanca, Solea Victor )\Laboratoare\L6Root\l6_interfata_gresita\SortedIndexedList.cpp(13,2): error C2065: 'root': undeclared identifier
D:\ionut\Info\Faculta\sem II\SDA - Structuri de Date si Algoritmi ( Diana Cristea - Troanca, Solea Victor )\Laboratoare\L6Root\l6_interfata_gresita\SortedIndexedList.cpp(14,2): error C2065: 'root': undeclared identifier
D:\ionut\Info\Faculta\sem II\SDA - Structuri de Date si Algoritmi ( Diana Cristea - Troanca, Solea Victor )\Laboratoare\L6Root\l6_interfata_gresita\SortedIndexedList.cpp(17,2): error C2065: 'rel': undeclared identifier
D:\ionut\Info\Faculta\sem II\SDA - Structuri de Date si Algoritmi ( Diana Cristea - Troanca, Solea Victor )\Laboratoare\L6Root\l6_interfata_gresita\SortedIndexedList.cpp(19,2): error C2065: 'len': undeclared identifier
D:\ionut\Info\Faculta\sem II\SDA - Structuri de Date si Algoritmi ( Diana Cristea - Troanca, Solea Victor )\Laboratoare\L6Root\l6_interfata_gresita\SortedIndexedList.cpp(20,1): warning C4508: '{ctor}': function should return a value; 'void' return type assumed
D:\ionut\Info\Faculta\sem II\SDA - Structuri de Date si Algoritmi ( Diana Cristea - Troanca, Solea Victor )\Laboratoare\L6Root\l6_interfata_gresita\SortedIndexedList.cpp(22,24): error C2027: use of undefined type 'SortedIndexedList'
D:\ionut\Info\Faculta\sem II\SDA - Structuri de Date si Algoritmi ( Diana Cristea - Troanca, Solea Victor )\Laboratoare\L6Root\l6_interfata_gresita\ListIterator.h(7): message : see declaration of 'SortedIndexedList'
D:\ionut\Info\Faculta\sem II\SDA - Structuri de Date si Algoritmi ( Diana Cristea - Troanca, Solea Victor )\Laboratoare\L6Root\l6_interfata_gresita\SortedIndexedList.cpp(22,37): error C2270: 'size': modifiers not allowed on nonmember functions
D:\ionut\Info\Faculta\sem II\SDA - Structuri de Date si Algoritmi ( Diana Cristea - Troanca, Solea Victor )\Laboratoare\L6Root\l6_interfata_gresita\SortedIndexedList.cpp(27,25): error C2027: use of undefined type 'SortedIndexedList'
D:\ionut\Info\Faculta\sem II\SDA - Structuri de Date si Algoritmi ( Diana Cristea - Troanca, Solea Victor )\Laboratoare\L6Root\l6_interfata_gresita\ListIterator.h(7): message : see declaration of 'SortedIndexedList'
D:\ionut\Info\Faculta\sem II\SDA - Structuri de Date si Algoritmi ( Diana Cristea - Troanca, Solea Victor )\Laboratoare\L6Root\l6_interfata_gresita\SortedIndexedList.cpp(27,41): error C2270: 'isEmpty': modifiers not allowed on nonmember functions
D:\ionut\Info\Faculta\sem II\SDA - Structuri de Date si Algoritmi ( Diana Cristea - Troanca, Solea Victor )\Laboratoare\L6Root\l6_interfata_gresita\SortedIndexedList.cpp(30,9): error C2355: 'this': can only be referenced inside non-static member functions or non-static data member initializers
D:\ionut\Info\Faculta\sem II\SDA - Structuri de Date si Algoritmi ( Diana Cristea - Troanca, Solea Victor )\Laboratoare\L6Root\l6_interfata_gresita\SortedIndexedList.cpp(35,26): error C2027: use of undefined type 'SortedIndexedList'
D:\ionut\Info\Faculta\sem II\SDA - Structuri de Date si Algoritmi ( Diana Cristea - Troanca, Solea Victor )\Laboratoare\L6Root\l6_interfata_gresita\ListIterator.h(7): message : see declaration of 'SortedIndexedList'
D:\ionut\Info\Faculta\sem II\SDA - Structuri de Date si Algoritmi ( Diana Cristea - Troanca, Solea Victor )\Laboratoare\L6Root\l6_interfata_gresita\SortedIndexedList.cpp(35,50): error C2270: 'getElement': modifiers not allowed on nonmember functions
D:\ionut\Info\Faculta\sem II\SDA - Structuri de Date si Algoritmi ( Diana Cristea - Troanca, Solea Victor )\Laboratoare\L6Root\l6_interfata_gresita\SortedIndexedList.cpp(40,26): error C2027: use of undefined type 'SortedIndexedList'
D:\ionut\Info\Faculta\sem II\SDA - Structuri de Date si Algoritmi ( Diana Cristea - Troanca, Solea Victor )\Laboratoare\L6Root\l6_interfata_gresita\ListIterator.h(7): message : see declaration of 'SortedIndexedList'
D:\ionut\Info\Faculta\sem II\SDA - Structuri de Date si Algoritmi ( Diana Cristea - Troanca, Solea Victor )\Laboratoare\L6Root\l6_interfata_gresita\SortedIndexedList.cpp(45,24): error C2027: use of undefined type 'SortedIndexedList'
D:\ionut\Info\Faculta\sem II\SDA - Structuri de Date si Algoritmi ( Diana Cristea - Troanca, Solea Victor )\Laboratoare\L6Root\l6_interfata_gresita\ListIterator.h(7): message : see declaration of 'SortedIndexedList'
D:\ionut\Info\Faculta\sem II\SDA - Structuri de Date si Algoritmi ( Diana Cristea - Troanca, Solea Victor )\Laboratoare\L6Root\l6_interfata_gresita\SortedIndexedList.cpp(45,46): error C2270: 'search': modifiers not allowed on nonmember functions
D:\ionut\Info\Faculta\sem II\SDA - Structuri de Date si Algoritmi ( Diana Cristea - Troanca, Solea Victor )\Laboratoare\L6Root\l6_interfata_gresita\SortedIndexedList.cpp(47,24): error C2065: 'root': undeclared identifier
D:\ionut\Info\Faculta\sem II\SDA - Structuri de Date si Algoritmi ( Diana Cristea - Troanca, Solea Victor )\Laboratoare\L6Root\l6_interfata_gresita\SortedIndexedList.cpp(57,12): error C3861: 'rel': identifier not found
D:\ionut\Info\Faculta\sem II\SDA - Structuri de Date si Algoritmi ( Diana Cristea - Troanca, Solea Victor )\Laboratoare\L6Root\l6_interfata_gresita\SortedIndexedList.cpp(76,25): error C2027: use of undefined type 'SortedIndexedList'
D:\ionut\Info\Faculta\sem II\SDA - Structuri de Date si Algoritmi ( Diana Cristea - Troanca, Solea Victor )\Laboratoare\L6Root\l6_interfata_gresita\ListIterator.h(7): message : see declaration of 'SortedIndexedList'
D:\ionut\Info\Faculta\sem II\SDA - Structuri de Date si Algoritmi ( Diana Cristea - Troanca, Solea Victor )\Laboratoare\L6Root\l6_interfata_gresita\SortedIndexedList.cpp(80,33): error C2027: use of undefined type 'SortedIndexedList'
D:\ionut\Info\Faculta\sem II\SDA - Structuri de Date si Algoritmi ( Diana Cristea - Troanca, Solea Victor )\Laboratoare\L6Root\l6_interfata_gresita\ListIterator.h(7): message : see declaration of 'SortedIndexedList'
D:\ionut\Info\Faculta\sem II\SDA - Structuri de Date si Algoritmi ( Diana Cristea - Troanca, Solea Victor )\Laboratoare\L6Root\l6_interfata_gresita\SortedIndexedList.cpp(81,23): error C2355: 'this': can only be referenced inside non-static member functions or non-static data member initializers
D:\ionut\Info\Faculta\sem II\SDA - Structuri de Date si Algoritmi ( Diana Cristea - Troanca, Solea Victor )\Laboratoare\L6Root\l6_interfata_gresita\SortedIndexedList.cpp(81,27): error C2512: 'ListIterator': no appropriate default constructor available
D:\ionut\Info\Faculta\sem II\SDA - Structuri de Date si Algoritmi ( Diana Cristea - Troanca, Solea Victor )\Laboratoare\L6Root\l6_interfata_gresita\SortedIndexedList.cpp(81,27): message : No constructor could take the source type, or constructor overload resolution was ambiguous
D:\ionut\Info\Faculta\sem II\SDA - Structuri de Date si Algoritmi ( Diana Cristea - Troanca, Solea Victor )\Laboratoare\L6Root\l6_interfata_gresita\SortedIndexedList.cpp(81,9): error C2064: term does not evaluate to a function taking 1 arguments
D:\ionut\Info\Faculta\sem II\SDA - Structuri de Date si Algoritmi ( Diana Cristea - Troanca, Solea Victor )\Laboratoare\L6Root\l6_interfata_gresita\SortedIndexedList.cpp(85,21): error C2027: use of undefined type 'SortedIndexedList'
D:\ionut\Info\Faculta\sem II\SDA - Structuri de Date si Algoritmi ( Diana Cristea - Troanca, Solea Victor )\Laboratoare\L6Root\l6_interfata_gresita\ListIterator.h(7): message : see declaration of 'SortedIndexedList'
D:\ionut\Info\Faculta\sem II\SDA - Structuri de Date si Algoritmi ( Diana Cristea - Troanca, Solea Victor )\Laboratoare\L6Root\l6_interfata_gresita\SortedIndexedList.cpp(85,41): error C4430: missing type specifier - int assumed. Note: C++ does not support default-int
D:\ionut\Info\Faculta\sem II\SDA - Structuri de Date si Algoritmi ( Diana Cristea - Troanca, Solea Victor )\Laboratoare\L6Root\l6_interfata_gresita\SortedIndexedList.cpp(87,1): warning C4508: '{dtor}': function should return a value; 'void' return type assumed
  Generating Code...
