  l3_2.cpp
D:\ionut\Info\Faculta\sem II\SDA - Structuri de Date si Algoritmi ( Diana Cristea - Troanca, Solea Victor )\Laboratoare\L3Root\l3_3\Queue.h(54,25): error C2061: syntax error: identifier 'pozitie_plan'
D:\ionut\Info\Faculta\sem II\SDA - Structuri de Date si Algoritmi ( Diana Cristea - Troanca, Solea Victor )\Laboratoare\L3Root\l3_3\l3_2.cpp(64,11): error C2660: 'Queue::push': function does not take 1 arguments
D:\ionut\Info\Faculta\sem II\SDA - Structuri de Date si Algoritmi ( Diana Cristea - Troanca, Solea Victor )\Laboratoare\L3Root\l3_3\Queue.h(54,7): message : see declaration of 'Queue::push'
D:\ionut\Info\Faculta\sem II\SDA - Structuri de Date si Algoritmi ( Diana Cristea - Troanca, Solea Victor )\Laboratoare\L3Root\l3_3\l3_2.cpp(73,41): error C2065: 'queue': undeclared identifier
D:\ionut\Info\Faculta\sem II\SDA - Structuri de Date si Algoritmi ( Diana Cristea - Troanca, Solea Victor )\Laboratoare\L3Root\l3_3\l3_2.cpp(77,23): error C2059: syntax error: ';'
D:\ionut\Info\Faculta\sem II\SDA - Structuri de Date si Algoritmi ( Diana Cristea - Troanca, Solea Victor )\Laboratoare\L3Root\l3_3\l3_2.cpp(77,28): error C2059: syntax error: ')'
D:\ionut\Info\Faculta\sem II\SDA - Structuri de Date si Algoritmi ( Diana Cristea - Troanca, Solea Victor )\Laboratoare\L3Root\l3_3\l3_2.cpp(79,4): error C2062: type 'int' unexpected
D:\ionut\Info\Faculta\sem II\SDA - Structuri de Date si Algoritmi ( Diana Cristea - Troanca, Solea Victor )\Laboratoare\L3Root\l3_3\l3_2.cpp(80,32): error C2039: 'j': is not a member of 'NodeDLLA'
D:\ionut\Info\Faculta\sem II\SDA - Structuri de Date si Algoritmi ( Diana Cristea - Troanca, Solea Victor )\Laboratoare\L3Root\l3_3\Queue.h(24): message : see declaration of 'NodeDLLA'
D:\ionut\Info\Faculta\sem II\SDA - Structuri de Date si Algoritmi ( Diana Cristea - Troanca, Solea Victor )\Laboratoare\L3Root\l3_3\l3_2.cpp(83,13): error C2065: 'row': undeclared identifier
D:\ionut\Info\Faculta\sem II\SDA - Structuri de Date si Algoritmi ( Diana Cristea - Troanca, Solea Victor )\Laboratoare\L3Root\l3_3\l3_2.cpp(84,25): error C2065: 'row': undeclared identifier
D:\ionut\Info\Faculta\sem II\SDA - Structuri de Date si Algoritmi ( Diana Cristea - Troanca, Solea Victor )\Laboratoare\L3Root\l3_3\l3_2.cpp(85,21): error C2660: 'Queue::push': function does not take 1 arguments
D:\ionut\Info\Faculta\sem II\SDA - Structuri de Date si Algoritmi ( Diana Cristea - Troanca, Solea Victor )\Laboratoare\L3Root\l3_3\Queue.h(54,7): message : see declaration of 'Queue::push'
D:\ionut\Info\Faculta\sem II\SDA - Structuri de Date si Algoritmi ( Diana Cristea - Troanca, Solea Victor )\Laboratoare\L3Root\l3_3\l3_2.cpp(90,1): error C2059: syntax error: '}'
D:\ionut\Info\Faculta\sem II\SDA - Structuri de Date si Algoritmi ( Diana Cristea - Troanca, Solea Victor )\Laboratoare\L3Root\l3_3\l3_2.cpp(90,1): error C2143: syntax error: missing ';' before '}'
D:\ionut\Info\Faculta\sem II\SDA - Structuri de Date si Algoritmi ( Diana Cristea - Troanca, Solea Victor )\Laboratoare\L3Root\l3_3\l3_2.cpp(94,1): error C2143: syntax error: missing ';' before '{'
D:\ionut\Info\Faculta\sem II\SDA - Structuri de Date si Algoritmi ( Diana Cristea - Troanca, Solea Victor )\Laboratoare\L3Root\l3_3\l3_2.cpp(94,1): error C2447: '{': missing function header (old-style formal list?)
  Queue.cpp
D:\ionut\Info\Faculta\sem II\SDA - Structuri de Date si Algoritmi ( Diana Cristea - Troanca, Solea Victor )\Laboratoare\L3Root\l3_3\Queue.h(54,25): error C2061: syntax error: identifier 'pozitie_plan'
D:\ionut\Info\Faculta\sem II\SDA - Structuri de Date si Algoritmi ( Diana Cristea - Troanca, Solea Victor )\Laboratoare\L3Root\l3_3\Queue.cpp(26,2): error C2146: syntax error: missing ';' before identifier 'firstEmpty'
D:\ionut\Info\Faculta\sem II\SDA - Structuri de Date si Algoritmi ( Diana Cristea - Troanca, Solea Victor )\Laboratoare\L3Root\l3_3\Queue.cpp(44,30): error C2511: 'void Queue::push(TElem)': overloaded member function not found in 'Queue'
D:\ionut\Info\Faculta\sem II\SDA - Structuri de Date si Algoritmi ( Diana Cristea - Troanca, Solea Victor )\Laboratoare\L3Root\l3_3\Queue.h(31): message : see declaration of 'Queue'
D:\ionut\Info\Faculta\sem II\SDA - Structuri de Date si Algoritmi ( Diana Cristea - Troanca, Solea Victor )\Laboratoare\L3Root\l3_3\Queue.cpp(47,16): error C2061: syntax error: identifier 'firstEmpty'
D:\ionut\Info\Faculta\sem II\SDA - Structuri de Date si Algoritmi ( Diana Cristea - Troanca, Solea Victor )\Laboratoare\L3Root\l3_3\Queue.cpp(50,2): error C2143: syntax error: missing ';' before '{'
D:\ionut\Info\Faculta\sem II\SDA - Structuri de Date si Algoritmi ( Diana Cristea - Troanca, Solea Victor )\Laboratoare\L3Root\l3_3\Queue.cpp(51,44): error C2597: illegal reference to non-static member 'Queue::cap'
D:\ionut\Info\Faculta\sem II\SDA - Structuri de Date si Algoritmi ( Diana Cristea - Troanca, Solea Victor )\Laboratoare\L3Root\l3_3\Queue.cpp(51,44): error C3867: 'Queue::cap': non-standard syntax; use '&' to create a pointer to member
D:\ionut\Info\Faculta\sem II\SDA - Structuri de Date si Algoritmi ( Diana Cristea - Troanca, Solea Victor )\Laboratoare\L3Root\l3_3\Queue.cpp(51,44): error C2568: '*': unable to resolve function overload
D:\ionut\Info\Faculta\sem II\SDA - Structuri de Date si Algoritmi ( Diana Cristea - Troanca, Solea Victor )\Laboratoare\L3Root\l3_3\Queue.cpp(51,45): error C3078: array size must be specified in new expressions
D:\ionut\Info\Faculta\sem II\SDA - Structuri de Date si Algoritmi ( Diana Cristea - Troanca, Solea Victor )\Laboratoare\L3Root\l3_3\Queue.cpp(53,26): error C2597: illegal reference to non-static member 'Queue::cap'
D:\ionut\Info\Faculta\sem II\SDA - Structuri de Date si Algoritmi ( Diana Cristea - Troanca, Solea Victor )\Laboratoare\L3Root\l3_3\Queue.cpp(53,26): error C3867: 'Queue::cap': non-standard syntax; use '&' to create a pointer to member
D:\ionut\Info\Faculta\sem II\SDA - Structuri de Date si Algoritmi ( Diana Cristea - Troanca, Solea Victor )\Laboratoare\L3Root\l3_3\Queue.cpp(53,26): error C2568: '<': unable to resolve function overload
D:\ionut\Info\Faculta\sem II\SDA - Structuri de Date si Algoritmi ( Diana Cristea - Troanca, Solea Victor )\Laboratoare\L3Root\l3_3\Queue.cpp(55,30): error C2597: illegal reference to non-static member 'Queue::nodes'
D:\ionut\Info\Faculta\sem II\SDA - Structuri de Date si Algoritmi ( Diana Cristea - Troanca, Solea Victor )\Laboratoare\L3Root\l3_3\Queue.cpp(55,30): error C3867: 'Queue::nodes': non-standard syntax; use '&' to create a pointer to member
D:\ionut\Info\Faculta\sem II\SDA - Structuri de Date si Algoritmi ( Diana Cristea - Troanca, Solea Victor )\Laboratoare\L3Root\l3_3\Queue.cpp(55,30): error C2109: subscript requires array or pointer type
D:\ionut\Info\Faculta\sem II\SDA - Structuri de Date si Algoritmi ( Diana Cristea - Troanca, Solea Victor )\Laboratoare\L3Root\l3_3\Queue.cpp(56,30): error C2597: illegal reference to non-static member 'Queue::nodes'
D:\ionut\Info\Faculta\sem II\SDA - Structuri de Date si Algoritmi ( Diana Cristea - Troanca, Solea Victor )\Laboratoare\L3Root\l3_3\Queue.cpp(56,30): error C3867: 'Queue::nodes': non-standard syntax; use '&' to create a pointer to member
D:\ionut\Info\Faculta\sem II\SDA - Structuri de Date si Algoritmi ( Diana Cristea - Troanca, Solea Victor )\Laboratoare\L3Root\l3_3\Queue.cpp(56,30): error C2109: subscript requires array or pointer type
D:\ionut\Info\Faculta\sem II\SDA - Structuri de Date si Algoritmi ( Diana Cristea - Troanca, Solea Victor )\Laboratoare\L3Root\l3_3\Queue.cpp(57,30): error C2597: illegal reference to non-static member 'Queue::nodes'
D:\ionut\Info\Faculta\sem II\SDA - Structuri de Date si Algoritmi ( Diana Cristea - Troanca, Solea Victor )\Laboratoare\L3Root\l3_3\Queue.cpp(57,30): error C3867: 'Queue::nodes': non-standard syntax; use '&' to create a pointer to member
D:\ionut\Info\Faculta\sem II\SDA - Structuri de Date si Algoritmi ( Diana Cristea - Troanca, Solea Victor )\Laboratoare\L3Root\l3_3\Queue.cpp(57,30): error C2109: subscript requires array or pointer type
D:\ionut\Info\Faculta\sem II\SDA - Structuri de Date si Algoritmi ( Diana Cristea - Troanca, Solea Victor )\Laboratoare\L3Root\l3_3\Queue.cpp(60,16): error C2597: illegal reference to non-static member 'Queue::cap'
D:\ionut\Info\Faculta\sem II\SDA - Structuri de Date si Algoritmi ( Diana Cristea - Troanca, Solea Victor )\Laboratoare\L3Root\l3_3\Queue.cpp(60,23): error C2440: 'initializing': cannot convert from 'unknown' to 'int'
D:\ionut\Info\Faculta\sem II\SDA - Structuri de Date si Algoritmi ( Diana Cristea - Troanca, Solea Victor )\Laboratoare\L3Root\l3_3\Queue.cpp(60,14): message : There is no context in which this conversion is possible
D:\ionut\Info\Faculta\sem II\SDA - Structuri de Date si Algoritmi ( Diana Cristea - Troanca, Solea Victor )\Laboratoare\L3Root\l3_3\Queue.cpp(60,33): error C2597: illegal reference to non-static member 'Queue::cap'
D:\ionut\Info\Faculta\sem II\SDA - Structuri de Date si Algoritmi ( Diana Cristea - Troanca, Solea Victor )\Laboratoare\L3Root\l3_3\Queue.cpp(60,33): error C3867: 'Queue::cap': non-standard syntax; use '&' to create a pointer to member
D:\ionut\Info\Faculta\sem II\SDA - Structuri de Date si Algoritmi ( Diana Cristea - Troanca, Solea Victor )\Laboratoare\L3Root\l3_3\Queue.cpp(60,33): error C2568: '*': unable to resolve function overload
D:\ionut\Info\Faculta\sem II\SDA - Structuri de Date si Algoritmi ( Diana Cristea - Troanca, Solea Victor )\Laboratoare\L3Root\l3_3\Queue.cpp(61,23): error C2679: binary '=': no operator found which takes a right-hand operand of type 'int' (or there is no acceptable conversion)
D:\ionut\Info\Faculta\sem II\SDA - Structuri de Date si Algoritmi ( Diana Cristea - Troanca, Solea Victor )\Laboratoare\L3Root\l3_3\Queue.h(28,1): message : could be 'NodeDLLA &NodeDLLA::operator =(NodeDLLA &&)'
D:\ionut\Info\Faculta\sem II\SDA - Structuri de Date si Algoritmi ( Diana Cristea - Troanca, Solea Victor )\Laboratoare\L3Root\l3_3\Queue.h(28,1): message : or       'NodeDLLA &NodeDLLA::operator =(const NodeDLLA &)'
D:\ionut\Info\Faculta\sem II\SDA - Structuri de Date si Algoritmi ( Diana Cristea - Troanca, Solea Victor )\Laboratoare\L3Root\l3_3\Queue.cpp(61,23): message : while trying to match the argument list '(NodeDLLA, int)'
D:\ionut\Info\Faculta\sem II\SDA - Structuri de Date si Algoritmi ( Diana Cristea - Troanca, Solea Victor )\Laboratoare\L3Root\l3_3\Queue.cpp(62,20): error C2597: illegal reference to non-static member 'Queue::cap'
D:\ionut\Info\Faculta\sem II\SDA - Structuri de Date si Algoritmi ( Diana Cristea - Troanca, Solea Victor )\Laboratoare\L3Root\l3_3\Queue.cpp(62,20): error C3867: 'Queue::cap': non-standard syntax; use '&' to create a pointer to member
D:\ionut\Info\Faculta\sem II\SDA - Structuri de Date si Algoritmi ( Diana Cristea - Troanca, Solea Victor )\Laboratoare\L3Root\l3_3\Queue.cpp(62,20): error C2568: '*': unable to resolve function overload
D:\ionut\Info\Faculta\sem II\SDA - Structuri de Date si Algoritmi ( Diana Cristea - Troanca, Solea Victor )\Laboratoare\L3Root\l3_3\Queue.cpp(64,3): error C2597: illegal reference to non-static member 'Queue::nodes'
D:\ionut\Info\Faculta\sem II\SDA - Structuri de Date si Algoritmi ( Diana Cristea - Troanca, Solea Victor )\Laboratoare\L3Root\l3_3\Queue.cpp(65,3): error C2597: illegal reference to non-static member 'Queue::firstEmpty'
D:\ionut\Info\Faculta\sem II\SDA - Structuri de Date si Algoritmi ( Diana Cristea - Troanca, Solea Victor )\Laboratoare\L3Root\l3_3\Queue.cpp(66,3): error C2597: illegal reference to non-static member 'Queue::cap'
D:\ionut\Info\Faculta\sem II\SDA - Structuri de Date si Algoritmi ( Diana Cristea - Troanca, Solea Victor )\Laboratoare\L3Root\l3_3\Queue.cpp(69,20): error C2597: illegal reference to non-static member 'Queue::firstEmpty'
D:\ionut\Info\Faculta\sem II\SDA - Structuri de Date si Algoritmi ( Diana Cristea - Troanca, Solea Victor )\Laboratoare\L3Root\l3_3\Queue.cpp(69,30): error C2440: 'initializing': cannot convert from 'unknown' to 'int'
D:\ionut\Info\Faculta\sem II\SDA - Structuri de Date si Algoritmi ( Diana Cristea - Troanca, Solea Victor )\Laboratoare\L3Root\l3_3\Queue.cpp(69,18): message : There is no context in which this conversion is possible
D:\ionut\Info\Faculta\sem II\SDA - Structuri de Date si Algoritmi ( Diana Cristea - Troanca, Solea Victor )\Laboratoare\L3Root\l3_3\Queue.cpp(71,19): error C2597: illegal reference to non-static member 'Queue::nodes'
D:\ionut\Info\Faculta\sem II\SDA - Structuri de Date si Algoritmi ( Diana Cristea - Troanca, Solea Victor )\Laboratoare\L3Root\l3_3\Queue.cpp(71,19): error C3867: 'Queue::nodes': non-standard syntax; use '&' to create a pointer to member
D:\ionut\Info\Faculta\sem II\SDA - Structuri de Date si Algoritmi ( Diana Cristea - Troanca, Solea Victor )\Laboratoare\L3Root\l3_3\Queue.cpp(71,19): error C2109: subscript requires array or pointer type
D:\ionut\Info\Faculta\sem II\SDA - Structuri de Date si Algoritmi ( Diana Cristea - Troanca, Solea Victor )\Laboratoare\L3Root\l3_3\Queue.cpp(72,26): error C2597: illegal reference to non-static member 'Queue::firstEmpty'
D:\ionut\Info\Faculta\sem II\SDA - Structuri de Date si Algoritmi ( Diana Cristea - Troanca, Solea Victor )\Laboratoare\L3Root\l3_3\Queue.cpp(73,19): error C2597: illegal reference to non-static member 'Queue::nodes'
D:\ionut\Info\Faculta\sem II\SDA - Structuri de Date si Algoritmi ( Diana Cristea - Troanca, Solea Victor )\Laboratoare\L3Root\l3_3\Queue.cpp(73,19): error C3867: 'Queue::nodes': non-standard syntax; use '&' to create a pointer to member
D:\ionut\Info\Faculta\sem II\SDA - Structuri de Date si Algoritmi ( Diana Cristea - Troanca, Solea Victor )\Laboratoare\L3Root\l3_3\Queue.cpp(73,19): error C2109: subscript requires array or pointer type
D:\ionut\Info\Faculta\sem II\SDA - Structuri de Date si Algoritmi ( Diana Cristea - Troanca, Solea Victor )\Laboratoare\L3Root\l3_3\Queue.cpp(75,16): error C2597: illegal reference to non-static member 'Queue::head'
D:\ionut\Info\Faculta\sem II\SDA - Structuri de Date si Algoritmi ( Diana Cristea - Troanca, Solea Victor )\Laboratoare\L3Root\l3_3\Queue.cpp(75,16): error C3867: 'Queue::head': non-standard syntax; use '&' to create a pointer to member
D:\ionut\Info\Faculta\sem II\SDA - Structuri de Date si Algoritmi ( Diana Cristea - Troanca, Solea Victor )\Laboratoare\L3Root\l3_3\Queue.cpp(75,18): error C2597: illegal reference to non-static member 'Queue::tail'
D:\ionut\Info\Faculta\sem II\SDA - Structuri de Date si Algoritmi ( Diana Cristea - Troanca, Solea Victor )\Laboratoare\L3Root\l3_3\Queue.cpp(76,2): error C2597: illegal reference to non-static member 'Queue::head'
D:\ionut\Info\Faculta\sem II\SDA - Structuri de Date si Algoritmi ( Diana Cristea - Troanca, Solea Victor )\Laboratoare\L3Root\l3_3\Queue.cpp(82,26): error C2556: 'TElem Queue::top(void) const': overloaded function differs only by return type from 'NodeDLLA Queue::top(void) const'
D:\ionut\Info\Faculta\sem II\SDA - Structuri de Date si Algoritmi ( Diana Cristea - Troanca, Solea Victor )\Laboratoare\L3Root\l3_3\Queue.h(58): message : see declaration of 'Queue::top'
D:\ionut\Info\Faculta\sem II\SDA - Structuri de Date si Algoritmi ( Diana Cristea - Troanca, Solea Victor )\Laboratoare\L3Root\l3_3\Queue.cpp(82,14): error C2371: 'Queue::top': redefinition; different basic types
D:\ionut\Info\Faculta\sem II\SDA - Structuri de Date si Algoritmi ( Diana Cristea - Troanca, Solea Victor )\Laboratoare\L3Root\l3_3\Queue.h(58): message : see declaration of 'Queue::top'
D:\ionut\Info\Faculta\sem II\SDA - Structuri de Date si Algoritmi ( Diana Cristea - Troanca, Solea Victor )\Laboratoare\L3Root\l3_3\Queue.cpp(95,20): error C2556: 'TElem Queue::pop(void)': overloaded function differs only by return type from 'NodeDLLA Queue::pop(void)'
D:\ionut\Info\Faculta\sem II\SDA - Structuri de Date si Algoritmi ( Diana Cristea - Troanca, Solea Victor )\Laboratoare\L3Root\l3_3\Queue.h(62): message : see declaration of 'Queue::pop'
D:\ionut\Info\Faculta\sem II\SDA - Structuri de Date si Algoritmi ( Diana Cristea - Troanca, Solea Victor )\Laboratoare\L3Root\l3_3\Queue.cpp(95,14): error C2371: 'Queue::pop': redefinition; different basic types
D:\ionut\Info\Faculta\sem II\SDA - Structuri de Date si Algoritmi ( Diana Cristea - Troanca, Solea Victor )\Laboratoare\L3Root\l3_3\Queue.h(62): message : see declaration of 'Queue::pop'
D:\ionut\Info\Faculta\sem II\SDA - Structuri de Date si Algoritmi ( Diana Cristea - Troanca, Solea Victor )\Laboratoare\L3Root\l3_3\Queue.cpp(102,14): error C2065: 'elems': undeclared identifier
D:\ionut\Info\Faculta\sem II\SDA - Structuri de Date si Algoritmi ( Diana Cristea - Troanca, Solea Victor )\Laboratoare\L3Root\l3_3\Queue.cpp(102,20): error C2059: syntax error: ']'
D:\ionut\Info\Faculta\sem II\SDA - Structuri de Date si Algoritmi ( Diana Cristea - Troanca, Solea Victor )\Laboratoare\L3Root\l3_3\Queue.cpp(103,1): error C2143: syntax error: missing ';' before '}'
D:\ionut\Info\Faculta\sem II\SDA - Structuri de Date si Algoritmi ( Diana Cristea - Troanca, Solea Victor )\Laboratoare\L3Root\l3_3\Queue.cpp(125,22): error C2440: 'initializing': cannot convert from 'int' to 'NodeDLLA *'
D:\ionut\Info\Faculta\sem II\SDA - Structuri de Date si Algoritmi ( Diana Cristea - Troanca, Solea Victor )\Laboratoare\L3Root\l3_3\Queue.cpp(125,16): message : Conversion from integral type to pointer type requires reinterpret_cast, C-style cast or function-style cast
D:\ionut\Info\Faculta\sem II\SDA - Structuri de Date si Algoritmi ( Diana Cristea - Troanca, Solea Victor )\Laboratoare\L3Root\l3_3\Queue.cpp(130,18): error C2440: '=': cannot convert from 'int' to 'NodeDLLA *'
D:\ionut\Info\Faculta\sem II\SDA - Structuri de Date si Algoritmi ( Diana Cristea - Troanca, Solea Victor )\Laboratoare\L3Root\l3_3\Queue.cpp(130,12): message : Conversion from integral type to pointer type requires reinterpret_cast, C-style cast or function-style cast
  Generating Code...
