  ExtendedTest.cpp
D:\ionut\Info\Faculta\sem II\SDA - Structuri de Date si Algoritmi ( Diana Cristea - Troanca, Solea Victor )\Laboratoare\L3Root\l3_13\ExtendedTest.cpp(12,8): error C2955: 'Queue': use of class template requires template argument list
D:\ionut\Info\Faculta\sem II\SDA - Structuri de Date si Algoritmi ( Diana Cristea - Troanca, Solea Victor )\Laboratoare\L3Root\l3_13\Queue.h(36): message : see declaration of 'Queue'
D:\ionut\Info\Faculta\sem II\SDA - Structuri de Date si Algoritmi ( Diana Cristea - Troanca, Solea Victor )\Laboratoare\L3Root\l3_13\ExtendedTest.cpp(12,9): error C2143: syntax error: missing ';' before '<'
D:\ionut\Info\Faculta\sem II\SDA - Structuri de Date si Algoritmi ( Diana Cristea - Troanca, Solea Victor )\Laboratoare\L3Root\l3_13\ExtendedTest.cpp(12,9): error C2133: 'q': unknown size
D:\ionut\Info\Faculta\sem II\SDA - Structuri de Date si Algoritmi ( Diana Cristea - Troanca, Solea Victor )\Laboratoare\L3Root\l3_13\ExtendedTest.cpp(12,8): error C2512: 'Queue': no appropriate default constructor available
D:\ionut\Info\Faculta\sem II\SDA - Structuri de Date si Algoritmi ( Diana Cristea - Troanca, Solea Victor )\Laboratoare\L3Root\l3_13\Queue.h(36,1): message : see declaration of 'Queue'
D:\ionut\Info\Faculta\sem II\SDA - Structuri de Date si Algoritmi ( Diana Cristea - Troanca, Solea Victor )\Laboratoare\L3Root\l3_13\ExtendedTest.cpp(13,2): error C2662: 'bool Queue<T,U>::isEmpty(void) const': cannot convert 'this' pointer from 'Queue' to 'const Queue<T,U> &'
D:\ionut\Info\Faculta\sem II\SDA - Structuri de Date si Algoritmi ( Diana Cristea - Troanca, Solea Victor )\Laboratoare\L3Root\l3_13\ExtendedTest.cpp(13,2): message : Reason: cannot convert from 'Queue' to 'const Queue<T,U>'
D:\ionut\Info\Faculta\sem II\SDA - Structuri de Date si Algoritmi ( Diana Cristea - Troanca, Solea Victor )\Laboratoare\L3Root\l3_13\ExtendedTest.cpp(13,2): message : Conversion requires a second user-defined-conversion operator or constructor
D:\ionut\Info\Faculta\sem II\SDA - Structuri de Date si Algoritmi ( Diana Cristea - Troanca, Solea Victor )\Laboratoare\L3Root\l3_13\Queue.h(65,7): message : see declaration of 'Queue<T,U>::isEmpty'
D:\ionut\Info\Faculta\sem II\SDA - Structuri de Date si Algoritmi ( Diana Cristea - Troanca, Solea Victor )\Laboratoare\L3Root\l3_13\ExtendedTest.cpp(15,9): error C2662: 'U Queue<T,U>::top(void) const': cannot convert 'this' pointer from 'Queue' to 'const Queue<T,U> &'
D:\ionut\Info\Faculta\sem II\SDA - Structuri de Date si Algoritmi ( Diana Cristea - Troanca, Solea Victor )\Laboratoare\L3Root\l3_13\ExtendedTest.cpp(15,9): message : Reason: cannot convert from 'Queue' to 'const Queue<T,U>'
D:\ionut\Info\Faculta\sem II\SDA - Structuri de Date si Algoritmi ( Diana Cristea - Troanca, Solea Victor )\Laboratoare\L3Root\l3_13\ExtendedTest.cpp(15,3): message : Conversion requires a second user-defined-conversion operator or constructor
D:\ionut\Info\Faculta\sem II\SDA - Structuri de Date si Algoritmi ( Diana Cristea - Troanca, Solea Victor )\Laboratoare\L3Root\l3_13\Queue.h(58,4): message : see declaration of 'Queue<T,U>::top'
D:\ionut\Info\Faculta\sem II\SDA - Structuri de Date si Algoritmi ( Diana Cristea - Troanca, Solea Victor )\Laboratoare\L3Root\l3_13\ExtendedTest.cpp(22,9): error C2662: 'U Queue<T,U>::pop(void)': cannot convert 'this' pointer from 'Queue' to 'Queue<T,U> &'
D:\ionut\Info\Faculta\sem II\SDA - Structuri de Date si Algoritmi ( Diana Cristea - Troanca, Solea Victor )\Laboratoare\L3Root\l3_13\ExtendedTest.cpp(22,9): message : Reason: cannot convert from 'Queue' to 'Queue<T,U>'
D:\ionut\Info\Faculta\sem II\SDA - Structuri de Date si Algoritmi ( Diana Cristea - Troanca, Solea Victor )\Laboratoare\L3Root\l3_13\ExtendedTest.cpp(22,3): message : Conversion requires a second user-defined-conversion operator or constructor
D:\ionut\Info\Faculta\sem II\SDA - Structuri de Date si Algoritmi ( Diana Cristea - Troanca, Solea Victor )\Laboratoare\L3Root\l3_13\Queue.h(62,4): message : see declaration of 'Queue<T,U>::pop'
D:\ionut\Info\Faculta\sem II\SDA - Structuri de Date si Algoritmi ( Diana Cristea - Troanca, Solea Victor )\Laboratoare\L3Root\l3_13\ExtendedTest.cpp(32,9): error C2133: 'q': unknown size
D:\ionut\Info\Faculta\sem II\SDA - Structuri de Date si Algoritmi ( Diana Cristea - Troanca, Solea Victor )\Laboratoare\L3Root\l3_13\ExtendedTest.cpp(32,8): error C2512: 'Queue': no appropriate default constructor available
D:\ionut\Info\Faculta\sem II\SDA - Structuri de Date si Algoritmi ( Diana Cristea - Troanca, Solea Victor )\Laboratoare\L3Root\l3_13\Queue.h(36,1): message : see declaration of 'Queue'
D:\ionut\Info\Faculta\sem II\SDA - Structuri de Date si Algoritmi ( Diana Cristea - Troanca, Solea Victor )\Laboratoare\L3Root\l3_13\ExtendedTest.cpp(34,11): error C2662: 'void Queue<T,U>::push(U)': cannot convert 'this' pointer from 'Queue' to 'Queue<T,U> &'
D:\ionut\Info\Faculta\sem II\SDA - Structuri de Date si Algoritmi ( Diana Cristea - Troanca, Solea Victor )\Laboratoare\L3Root\l3_13\ExtendedTest.cpp(34,11): message : Reason: cannot convert from 'Queue' to 'Queue<T,U>'
D:\ionut\Info\Faculta\sem II\SDA - Structuri de Date si Algoritmi ( Diana Cristea - Troanca, Solea Victor )\Laboratoare\L3Root\l3_13\ExtendedTest.cpp(34,3): message : Conversion requires a second user-defined-conversion operator or constructor
D:\ionut\Info\Faculta\sem II\SDA - Structuri de Date si Algoritmi ( Diana Cristea - Troanca, Solea Victor )\Laboratoare\L3Root\l3_13\Queue.h(54,7): message : see declaration of 'Queue<T,U>::push'
D:\ionut\Info\Faculta\sem II\SDA - Structuri de Date si Algoritmi ( Diana Cristea - Troanca, Solea Victor )\Laboratoare\L3Root\l3_13\ExtendedTest.cpp(36,2): error C2662: 'bool Queue<T,U>::isEmpty(void) const': cannot convert 'this' pointer from 'Queue' to 'const Queue<T,U> &'
D:\ionut\Info\Faculta\sem II\SDA - Structuri de Date si Algoritmi ( Diana Cristea - Troanca, Solea Victor )\Laboratoare\L3Root\l3_13\ExtendedTest.cpp(36,2): message : Reason: cannot convert from 'Queue' to 'const Queue<T,U>'
D:\ionut\Info\Faculta\sem II\SDA - Structuri de Date si Algoritmi ( Diana Cristea - Troanca, Solea Victor )\Laboratoare\L3Root\l3_13\ExtendedTest.cpp(36,2): message : Conversion requires a second user-defined-conversion operator or constructor
D:\ionut\Info\Faculta\sem II\SDA - Structuri de Date si Algoritmi ( Diana Cristea - Troanca, Solea Victor )\Laboratoare\L3Root\l3_13\Queue.h(65,7): message : see declaration of 'Queue<T,U>::isEmpty'
D:\ionut\Info\Faculta\sem II\SDA - Structuri de Date si Algoritmi ( Diana Cristea - Troanca, Solea Victor )\Laboratoare\L3Root\l3_13\ExtendedTest.cpp(38,11): error C2662: 'void Queue<T,U>::push(U)': cannot convert 'this' pointer from 'Queue' to 'Queue<T,U> &'
D:\ionut\Info\Faculta\sem II\SDA - Structuri de Date si Algoritmi ( Diana Cristea - Troanca, Solea Victor )\Laboratoare\L3Root\l3_13\ExtendedTest.cpp(38,11): message : Reason: cannot convert from 'Queue' to 'Queue<T,U>'
D:\ionut\Info\Faculta\sem II\SDA - Structuri de Date si Algoritmi ( Diana Cristea - Troanca, Solea Victor )\Laboratoare\L3Root\l3_13\ExtendedTest.cpp(38,3): message : Conversion requires a second user-defined-conversion operator or constructor
D:\ionut\Info\Faculta\sem II\SDA - Structuri de Date si Algoritmi ( Diana Cristea - Troanca, Solea Victor )\Laboratoare\L3Root\l3_13\Queue.h(54,7): message : see declaration of 'Queue<T,U>::push'
D:\ionut\Info\Faculta\sem II\SDA - Structuri de Date si Algoritmi ( Diana Cristea - Troanca, Solea Victor )\Laboratoare\L3Root\l3_13\ExtendedTest.cpp(40,2): error C2662: 'bool Queue<T,U>::isEmpty(void) const': cannot convert 'this' pointer from 'Queue' to 'const Queue<T,U> &'
D:\ionut\Info\Faculta\sem II\SDA - Structuri de Date si Algoritmi ( Diana Cristea - Troanca, Solea Victor )\Laboratoare\L3Root\l3_13\ExtendedTest.cpp(40,2): message : Reason: cannot convert from 'Queue' to 'const Queue<T,U>'
D:\ionut\Info\Faculta\sem II\SDA - Structuri de Date si Algoritmi ( Diana Cristea - Troanca, Solea Victor )\Laboratoare\L3Root\l3_13\ExtendedTest.cpp(40,2): message : Conversion requires a second user-defined-conversion operator or constructor
D:\ionut\Info\Faculta\sem II\SDA - Structuri de Date si Algoritmi ( Diana Cristea - Troanca, Solea Victor )\Laboratoare\L3Root\l3_13\Queue.h(65,7): message : see declaration of 'Queue<T,U>::isEmpty'
D:\ionut\Info\Faculta\sem II\SDA - Structuri de Date si Algoritmi ( Diana Cristea - Troanca, Solea Victor )\Laboratoare\L3Root\l3_13\ExtendedTest.cpp(42,11): error C2662: 'void Queue<T,U>::push(U)': cannot convert 'this' pointer from 'Queue' to 'Queue<T,U> &'
D:\ionut\Info\Faculta\sem II\SDA - Structuri de Date si Algoritmi ( Diana Cristea - Troanca, Solea Victor )\Laboratoare\L3Root\l3_13\ExtendedTest.cpp(42,11): message : Reason: cannot convert from 'Queue' to 'Queue<T,U>'
D:\ionut\Info\Faculta\sem II\SDA - Structuri de Date si Algoritmi ( Diana Cristea - Troanca, Solea Victor )\Laboratoare\L3Root\l3_13\ExtendedTest.cpp(42,3): message : Conversion requires a second user-defined-conversion operator or constructor
D:\ionut\Info\Faculta\sem II\SDA - Structuri de Date si Algoritmi ( Diana Cristea - Troanca, Solea Victor )\Laboratoare\L3Root\l3_13\Queue.h(54,7): message : see declaration of 'Queue<T,U>::push'
D:\ionut\Info\Faculta\sem II\SDA - Structuri de Date si Algoritmi ( Diana Cristea - Troanca, Solea Victor )\Laboratoare\L3Root\l3_13\ExtendedTest.cpp(44,2): error C2662: 'bool Queue<T,U>::isEmpty(void) const': cannot convert 'this' pointer from 'Queue' to 'const Queue<T,U> &'
D:\ionut\Info\Faculta\sem II\SDA - Structuri de Date si Algoritmi ( Diana Cristea - Troanca, Solea Victor )\Laboratoare\L3Root\l3_13\ExtendedTest.cpp(44,2): message : Reason: cannot convert from 'Queue' to 'const Queue<T,U>'
D:\ionut\Info\Faculta\sem II\SDA - Structuri de Date si Algoritmi ( Diana Cristea - Troanca, Solea Victor )\Laboratoare\L3Root\l3_13\ExtendedTest.cpp(44,2): message : Conversion requires a second user-defined-conversion operator or constructor
D:\ionut\Info\Faculta\sem II\SDA - Structuri de Date si Algoritmi ( Diana Cristea - Troanca, Solea Victor )\Laboratoare\L3Root\l3_13\Queue.h(65,7): message : see declaration of 'Queue<T,U>::isEmpty'
D:\ionut\Info\Faculta\sem II\SDA - Structuri de Date si Algoritmi ( Diana Cristea - Troanca, Solea Victor )\Laboratoare\L3Root\l3_13\ExtendedTest.cpp(47,11): error C2662: 'void Queue<T,U>::push(U)': cannot convert 'this' pointer from 'Queue' to 'Queue<T,U> &'
D:\ionut\Info\Faculta\sem II\SDA - Structuri de Date si Algoritmi ( Diana Cristea - Troanca, Solea Victor )\Laboratoare\L3Root\l3_13\ExtendedTest.cpp(47,11): message : Reason: cannot convert from 'Queue' to 'Queue<T,U>'
D:\ionut\Info\Faculta\sem II\SDA - Structuri de Date si Algoritmi ( Diana Cristea - Troanca, Solea Victor )\Laboratoare\L3Root\l3_13\ExtendedTest.cpp(47,3): message : Conversion requires a second user-defined-conversion operator or constructor
D:\ionut\Info\Faculta\sem II\SDA - Structuri de Date si Algoritmi ( Diana Cristea - Troanca, Solea Victor )\Laboratoare\L3Root\l3_13\Queue.h(54,7): message : see declaration of 'Queue<T,U>::push'
D:\ionut\Info\Faculta\sem II\SDA - Structuri de Date si Algoritmi ( Diana Cristea - Troanca, Solea Victor )\Laboratoare\L3Root\l3_13\ExtendedTest.cpp(49,2): error C2662: 'bool Queue<T,U>::isEmpty(void) const': cannot convert 'this' pointer from 'Queue' to 'const Queue<T,U> &'
D:\ionut\Info\Faculta\sem II\SDA - Structuri de Date si Algoritmi ( Diana Cristea - Troanca, Solea Victor )\Laboratoare\L3Root\l3_13\ExtendedTest.cpp(49,2): message : Reason: cannot convert from 'Queue' to 'const Queue<T,U>'
D:\ionut\Info\Faculta\sem II\SDA - Structuri de Date si Algoritmi ( Diana Cristea - Troanca, Solea Victor )\Laboratoare\L3Root\l3_13\ExtendedTest.cpp(49,2): message : Conversion requires a second user-defined-conversion operator or constructor
D:\ionut\Info\Faculta\sem II\SDA - Structuri de Date si Algoritmi ( Diana Cristea - Troanca, Solea Victor )\Laboratoare\L3Root\l3_13\Queue.h(65,7): message : see declaration of 'Queue<T,U>::isEmpty'
D:\ionut\Info\Faculta\sem II\SDA - Structuri de Date si Algoritmi ( Diana Cristea - Troanca, Solea Victor )\Laboratoare\L3Root\l3_13\ExtendedTest.cpp(50,2): error C2662: 'U Queue<T,U>::top(void) const': cannot convert 'this' pointer from 'Queue' to 'const Queue<T,U> &'
D:\ionut\Info\Faculta\sem II\SDA - Structuri de Date si Algoritmi ( Diana Cristea - Troanca, Solea Victor )\Laboratoare\L3Root\l3_13\ExtendedTest.cpp(50,2): message : Reason: cannot convert from 'Queue' to 'const Queue<T,U>'
D:\ionut\Info\Faculta\sem II\SDA - Structuri de Date si Algoritmi ( Diana Cristea - Troanca, Solea Victor )\Laboratoare\L3Root\l3_13\ExtendedTest.cpp(50,2): message : Conversion requires a second user-defined-conversion operator or constructor
D:\ionut\Info\Faculta\sem II\SDA - Structuri de Date si Algoritmi ( Diana Cristea - Troanca, Solea Victor )\Laboratoare\L3Root\l3_13\Queue.h(58,4): message : see declaration of 'Queue<T,U>::top'
D:\ionut\Info\Faculta\sem II\SDA - Structuri de Date si Algoritmi ( Diana Cristea - Troanca, Solea Victor )\Laboratoare\L3Root\l3_13\ExtendedTest.cpp(51,2): error C2662: 'U Queue<T,U>::top(void) const': cannot convert 'this' pointer from 'Queue' to 'const Queue<T,U> &'
D:\ionut\Info\Faculta\sem II\SDA - Structuri de Date si Algoritmi ( Diana Cristea - Troanca, Solea Victor )\Laboratoare\L3Root\l3_13\ExtendedTest.cpp(51,2): message : Reason: cannot convert from 'Queue' to 'const Queue<T,U>'
D:\ionut\Info\Faculta\sem II\SDA - Structuri de Date si Algoritmi ( Diana Cristea - Troanca, Solea Victor )\Laboratoare\L3Root\l3_13\ExtendedTest.cpp(51,2): message : Conversion requires a second user-defined-conversion operator or constructor
D:\ionut\Info\Faculta\sem II\SDA - Structuri de Date si Algoritmi ( Diana Cristea - Troanca, Solea Victor )\Laboratoare\L3Root\l3_13\Queue.h(58,4): message : see declaration of 'Queue<T,U>::top'
D:\ionut\Info\Faculta\sem II\SDA - Structuri de Date si Algoritmi ( Diana Cristea - Troanca, Solea Victor )\Laboratoare\L3Root\l3_13\ExtendedTest.cpp(53,2): error C2662: 'U Queue<T,U>::pop(void)': cannot convert 'this' pointer from 'Queue' to 'Queue<T,U> &'
D:\ionut\Info\Faculta\sem II\SDA - Structuri de Date si Algoritmi ( Diana Cristea - Troanca, Solea Victor )\Laboratoare\L3Root\l3_13\ExtendedTest.cpp(53,2): message : Reason: cannot convert from 'Queue' to 'Queue<T,U>'
D:\ionut\Info\Faculta\sem II\SDA - Structuri de Date si Algoritmi ( Diana Cristea - Troanca, Solea Victor )\Laboratoare\L3Root\l3_13\ExtendedTest.cpp(53,2): message : Conversion requires a second user-defined-conversion operator or constructor
D:\ionut\Info\Faculta\sem II\SDA - Structuri de Date si Algoritmi ( Diana Cristea - Troanca, Solea Victor )\Laboratoare\L3Root\l3_13\Queue.h(62,4): message : see declaration of 'Queue<T,U>::pop'
D:\ionut\Info\Faculta\sem II\SDA - Structuri de Date si Algoritmi ( Diana Cristea - Troanca, Solea Victor )\Laboratoare\L3Root\l3_13\ExtendedTest.cpp(54,2): error C2662: 'U Queue<T,U>::top(void) const': cannot convert 'this' pointer from 'Queue' to 'const Queue<T,U> &'
D:\ionut\Info\Faculta\sem II\SDA - Structuri de Date si Algoritmi ( Diana Cristea - Troanca, Solea Victor )\Laboratoare\L3Root\l3_13\ExtendedTest.cpp(54,2): message : Reason: cannot convert from 'Queue' to 'const Queue<T,U>'
D:\ionut\Info\Faculta\sem II\SDA - Structuri de Date si Algoritmi ( Diana Cristea - Troanca, Solea Victor )\Laboratoare\L3Root\l3_13\ExtendedTest.cpp(54,2): message : Conversion requires a second user-defined-conversion operator or constructor
D:\ionut\Info\Faculta\sem II\SDA - Structuri de Date si Algoritmi ( Diana Cristea - Troanca, Solea Victor )\Laboratoare\L3Root\l3_13\Queue.h(58,4): message : see declaration of 'Queue<T,U>::top'
D:\ionut\Info\Faculta\sem II\SDA - Structuri de Date si Algoritmi ( Diana Cristea - Troanca, Solea Victor )\Laboratoare\L3Root\l3_13\ExtendedTest.cpp(59,9): error C2133: 'q': unknown size
D:\ionut\Info\Faculta\sem II\SDA - Structuri de Date si Algoritmi ( Diana Cristea - Troanca, Solea Victor )\Laboratoare\L3Root\l3_13\ExtendedTest.cpp(59,8): error C2512: 'Queue': no appropriate default constructor available
D:\ionut\Info\Faculta\sem II\SDA - Structuri de Date si Algoritmi ( Diana Cristea - Troanca, Solea Victor )\Laboratoare\L3Root\l3_13\Queue.h(36,1): message : see declaration of 'Queue'
D:\ionut\Info\Faculta\sem II\SDA - Structuri de Date si Algoritmi ( Diana Cristea - Troanca, Solea Victor )\Laboratoare\L3Root\l3_13\ExtendedTest.cpp(61,11): error C2662: 'void Queue<T,U>::push(U)': cannot convert 'this' pointer from 'Queue' to 'Queue<T,U> &'
D:\ionut\Info\Faculta\sem II\SDA - Structuri de Date si Algoritmi ( Diana Cristea - Troanca, Solea Victor )\Laboratoare\L3Root\l3_13\ExtendedTest.cpp(61,11): message : Reason: cannot convert from 'Queue' to 'Queue<T,U>'
D:\ionut\Info\Faculta\sem II\SDA - Structuri de Date si Algoritmi ( Diana Cristea - Troanca, Solea Victor )\Laboratoare\L3Root\l3_13\ExtendedTest.cpp(61,3): message : Conversion requires a second user-defined-conversion operator or constructor
D:\ionut\Info\Faculta\sem II\SDA - Structuri de Date si Algoritmi ( Diana Cristea - Troanca, Solea Victor )\Laboratoare\L3Root\l3_13\Queue.h(54,7): message : see declaration of 'Queue<T,U>::push'
D:\ionut\Info\Faculta\sem II\SDA - Structuri de Date si Algoritmi ( Diana Cristea - Troanca, Solea Victor )\Laboratoare\L3Root\l3_13\ExtendedTest.cpp(63,2): error C2662: 'bool Queue<T,U>::isEmpty(void) const': cannot convert 'this' pointer from 'Queue' to 'const Queue<T,U> &'
D:\ionut\Info\Faculta\sem II\SDA - Structuri de Date si Algoritmi ( Diana Cristea - Troanca, Solea Victor )\Laboratoare\L3Root\l3_13\ExtendedTest.cpp(63,2): message : Reason: cannot convert from 'Queue' to 'const Queue<T,U>'
D:\ionut\Info\Faculta\sem II\SDA - Structuri de Date si Algoritmi ( Diana Cristea - Troanca, Solea Victor )\Laboratoare\L3Root\l3_13\ExtendedTest.cpp(63,2): message : Conversion requires a second user-defined-conversion operator or constructor
D:\ionut\Info\Faculta\sem II\SDA - Structuri de Date si Algoritmi ( Diana Cristea - Troanca, Solea Victor )\Laboratoare\L3Root\l3_13\Queue.h(65,7): message : see declaration of 'Queue<T,U>::isEmpty'
D:\ionut\Info\Faculta\sem II\SDA - Structuri de Date si Algoritmi ( Diana Cristea - Troanca, Solea Victor )\Laboratoare\L3Root\l3_13\ExtendedTest.cpp(65,11): error C2662: 'void Queue<T,U>::push(U)': cannot convert 'this' pointer from 'Queue' to 'Queue<T,U> &'
D:\ionut\Info\Faculta\sem II\SDA - Structuri de Date si Algoritmi ( Diana Cristea - Troanca, Solea Victor )\Laboratoare\L3Root\l3_13\ExtendedTest.cpp(65,11): message : Reason: cannot convert from 'Queue' to 'Queue<T,U>'
D:\ionut\Info\Faculta\sem II\SDA - Structuri de Date si Algoritmi ( Diana Cristea - Troanca, Solea Victor )\Laboratoare\L3Root\l3_13\ExtendedTest.cpp(65,3): message : Conversion requires a second user-defined-conversion operator or constructor
D:\ionut\Info\Faculta\sem II\SDA - Structuri de Date si Algoritmi ( Diana Cristea - Troanca, Solea Victor )\Laboratoare\L3Root\l3_13\Queue.h(54,7): message : see declaration of 'Queue<T,U>::push'
D:\ionut\Info\Faculta\sem II\SDA - Structuri de Date si Algoritmi ( Diana Cristea - Troanca, Solea Victor )\Laboratoare\L3Root\l3_13\ExtendedTest.cpp(67,2): error C2662: 'bool Queue<T,U>::isEmpty(void) const': cannot convert 'this' pointer from 'Queue' to 'const Queue<T,U> &'
D:\ionut\Info\Faculta\sem II\SDA - Structuri de Date si Algoritmi ( Diana Cristea - Troanca, Solea Victor )\Laboratoare\L3Root\l3_13\ExtendedTest.cpp(67,2): message : Reason: cannot convert from 'Queue' to 'const Queue<T,U>'
D:\ionut\Info\Faculta\sem II\SDA - Structuri de Date si Algoritmi ( Diana Cristea - Troanca, Solea Victor )\Laboratoare\L3Root\l3_13\ExtendedTest.cpp(67,2): message : Conversion requires a second user-defined-conversion operator or constructor
D:\ionut\Info\Faculta\sem II\SDA - Structuri de Date si Algoritmi ( Diana Cristea - Troanca, Solea Victor )\Laboratoare\L3Root\l3_13\Queue.h(65,7): message : see declaration of 'Queue<T,U>::isEmpty'
D:\ionut\Info\Faculta\sem II\SDA - Structuri de Date si Algoritmi ( Diana Cristea - Troanca, Solea Victor )\Laboratoare\L3Root\l3_13\ExtendedTest.cpp(69,11): error C2662: 'void Queue<T,U>::push(U)': cannot convert 'this' pointer from 'Queue' to 'Queue<T,U> &'
D:\ionut\Info\Faculta\sem II\SDA - Structuri de Date si Algoritmi ( Diana Cristea - Troanca, Solea Victor )\Laboratoare\L3Root\l3_13\ExtendedTest.cpp(69,11): message : Reason: cannot convert from 'Queue' to 'Queue<T,U>'
D:\ionut\Info\Faculta\sem II\SDA - Structuri de Date si Algoritmi ( Diana Cristea - Troanca, Solea Victor )\Laboratoare\L3Root\l3_13\ExtendedTest.cpp(69,3): message : Conversion requires a second user-defined-conversion operator or constructor
D:\ionut\Info\Faculta\sem II\SDA - Structuri de Date si Algoritmi ( Diana Cristea - Troanca, Solea Victor )\Laboratoare\L3Root\l3_13\Queue.h(54,7): message : see declaration of 'Queue<T,U>::push'
D:\ionut\Info\Faculta\sem II\SDA - Structuri de Date si Algoritmi ( Diana Cristea - Troanca, Solea Victor )\Laboratoare\L3Root\l3_13\ExtendedTest.cpp(71,2): error C2662: 'bool Queue<T,U>::isEmpty(void) const': cannot convert 'this' pointer from 'Queue' to 'const Queue<T,U> &'
D:\ionut\Info\Faculta\sem II\SDA - Structuri de Date si Algoritmi ( Diana Cristea - Troanca, Solea Victor )\Laboratoare\L3Root\l3_13\ExtendedTest.cpp(71,2): message : Reason: cannot convert from 'Queue' to 'const Queue<T,U>'
D:\ionut\Info\Faculta\sem II\SDA - Structuri de Date si Algoritmi ( Diana Cristea - Troanca, Solea Victor )\Laboratoare\L3Root\l3_13\ExtendedTest.cpp(71,2): message : Conversion requires a second user-defined-conversion operator or constructor
D:\ionut\Info\Faculta\sem II\SDA - Structuri de Date si Algoritmi ( Diana Cristea - Troanca, Solea Victor )\Laboratoare\L3Root\l3_13\Queue.h(65,7): message : see declaration of 'Queue<T,U>::isEmpty'
D:\ionut\Info\Faculta\sem II\SDA - Structuri de Date si Algoritmi ( Diana Cristea - Troanca, Solea Victor )\Laboratoare\L3Root\l3_13\ExtendedTest.cpp(74,11): error C2662: 'void Queue<T,U>::push(U)': cannot convert 'this' pointer from 'Queue' to 'Queue<T,U> &'
D:\ionut\Info\Faculta\sem II\SDA - Structuri de Date si Algoritmi ( Diana Cristea - Troanca, Solea Victor )\Laboratoare\L3Root\l3_13\ExtendedTest.cpp(74,11): message : Reason: cannot convert from 'Queue' to 'Queue<T,U>'
D:\ionut\Info\Faculta\sem II\SDA - Structuri de Date si Algoritmi ( Diana Cristea - Troanca, Solea Victor )\Laboratoare\L3Root\l3_13\ExtendedTest.cpp(74,3): message : Conversion requires a second user-defined-conversion operator or constructor
D:\ionut\Info\Faculta\sem II\SDA - Structuri de Date si Algoritmi ( Diana Cristea - Troanca, Solea Victor )\Laboratoare\L3Root\l3_13\Queue.h(54,7): message : see declaration of 'Queue<T,U>::push'
D:\ionut\Info\Faculta\sem II\SDA - Structuri de Date si Algoritmi ( Diana Cristea - Troanca, Solea Victor )\Laboratoare\L3Root\l3_13\ExtendedTest.cpp(76,2): error C2662: 'bool Queue<T,U>::isEmpty(void) const': cannot convert 'this' pointer from 'Queue' to 'const Queue<T,U> &'
D:\ionut\Info\Faculta\sem II\SDA - Structuri de Date si Algoritmi ( Diana Cristea - Troanca, Solea Victor )\Laboratoare\L3Root\l3_13\ExtendedTest.cpp(76,2): message : Reason: cannot convert from 'Queue' to 'const Queue<T,U>'
D:\ionut\Info\Faculta\sem II\SDA - Structuri de Date si Algoritmi ( Diana Cristea - Troanca, Solea Victor )\Laboratoare\L3Root\l3_13\ExtendedTest.cpp(76,2): message : Conversion requires a second user-defined-conversion operator or constructor
D:\ionut\Info\Faculta\sem II\SDA - Structuri de Date si Algoritmi ( Diana Cristea - Troanca, Solea Victor )\Laboratoare\L3Root\l3_13\Queue.h(65,7): message : see declaration of 'Queue<T,U>::isEmpty'
D:\ionut\Info\Faculta\sem II\SDA - Structuri de Date si Algoritmi ( Diana Cristea - Troanca, Solea Victor )\Laboratoare\L3Root\l3_13\ExtendedTest.cpp(80,3): error C2662: 'U Queue<T,U>::pop(void)': cannot convert 'this' pointer from 'Queue' to 'Queue<T,U> &'
D:\ionut\Info\Faculta\sem II\SDA - Structuri de Date si Algoritmi ( Diana Cristea - Troanca, Solea Victor )\Laboratoare\L3Root\l3_13\ExtendedTest.cpp(80,3): message : Reason: cannot convert from 'Queue' to 'Queue<T,U>'
D:\ionut\Info\Faculta\sem II\SDA - Structuri de Date si Algoritmi ( Diana Cristea - Troanca, Solea Victor )\Laboratoare\L3Root\l3_13\ExtendedTest.cpp(80,3): message : Conversion requires a second user-defined-conversion operator or constructor
D:\ionut\Info\Faculta\sem II\SDA - Structuri de Date si Algoritmi ( Diana Cristea - Troanca, Solea Victor )\Laboratoare\L3Root\l3_13\Queue.h(62,4): message : see declaration of 'Queue<T,U>::pop'
D:\ionut\Info\Faculta\sem II\SDA - Structuri de Date si Algoritmi ( Diana Cristea - Troanca, Solea Victor )\Laboratoare\L3Root\l3_13\ExtendedTest.cpp(82,2): error C2662: 'bool Queue<T,U>::isEmpty(void) const': cannot convert 'this' pointer from 'Queue' to 'const Queue<T,U> &'
D:\ionut\Info\Faculta\sem II\SDA - Structuri de Date si Algoritmi ( Diana Cristea - Troanca, Solea Victor )\Laboratoare\L3Root\l3_13\ExtendedTest.cpp(82,2): message : Reason: cannot convert from 'Queue' to 'const Queue<T,U>'
D:\ionut\Info\Faculta\sem II\SDA - Structuri de Date si Algoritmi ( Diana Cristea - Troanca, Solea Victor )\Laboratoare\L3Root\l3_13\ExtendedTest.cpp(82,2): message : Conversion requires a second user-defined-conversion operator or constructor
D:\ionut\Info\Faculta\sem II\SDA - Structuri de Date si Algoritmi ( Diana Cristea - Troanca, Solea Victor )\Laboratoare\L3Root\l3_13\Queue.h(65,7): message : see declaration of 'Queue<T,U>::isEmpty'
D:\ionut\Info\Faculta\sem II\SDA - Structuri de Date si Algoritmi ( Diana Cristea - Troanca, Solea Victor )\Laboratoare\L3Root\l3_13\ExtendedTest.cpp(84,3): error C2662: 'U Queue<T,U>::pop(void)': cannot convert 'this' pointer from 'Queue' to 'Queue<T,U> &'
D:\ionut\Info\Faculta\sem II\SDA - Structuri de Date si Algoritmi ( Diana Cristea - Troanca, Solea Victor )\Laboratoare\L3Root\l3_13\ExtendedTest.cpp(84,3): message : Reason: cannot convert from 'Queue' to 'Queue<T,U>'
D:\ionut\Info\Faculta\sem II\SDA - Structuri de Date si Algoritmi ( Diana Cristea - Troanca, Solea Victor )\Laboratoare\L3Root\l3_13\ExtendedTest.cpp(84,3): message : Conversion requires a second user-defined-conversion operator or constructor
D:\ionut\Info\Faculta\sem II\SDA - Structuri de Date si Algoritmi ( Diana Cristea - Troanca, Solea Victor )\Laboratoare\L3Root\l3_13\Queue.h(62,4): message : see declaration of 'Queue<T,U>::pop'
D:\ionut\Info\Faculta\sem II\SDA - Structuri de Date si Algoritmi ( Diana Cristea - Troanca, Solea Victor )\Laboratoare\L3Root\l3_13\ExtendedTest.cpp(86,2): error C2662: 'bool Queue<T,U>::isEmpty(void) const': cannot convert 'this' pointer from 'Queue' to 'const Queue<T,U> &'
D:\ionut\Info\Faculta\sem II\SDA - Structuri de Date si Algoritmi ( Diana Cristea - Troanca, Solea Victor )\Laboratoare\L3Root\l3_13\ExtendedTest.cpp(86,2): message : Reason: cannot convert from 'Queue' to 'const Queue<T,U>'
D:\ionut\Info\Faculta\sem II\SDA - Structuri de Date si Algoritmi ( Diana Cristea - Troanca, Solea Victor )\Laboratoare\L3Root\l3_13\ExtendedTest.cpp(86,2): message : Conversion requires a second user-defined-conversion operator or constructor
D:\ionut\Info\Faculta\sem II\SDA - Structuri de Date si Algoritmi ( Diana Cristea - Troanca, Solea Victor )\Laboratoare\L3Root\l3_13\Queue.h(65,7): message : see declaration of 'Queue<T,U>::isEmpty'
D:\ionut\Info\Faculta\sem II\SDA - Structuri de Date si Algoritmi ( Diana Cristea - Troanca, Solea Victor )\Laboratoare\L3Root\l3_13\ExtendedTest.cpp(88,3): error C2662: 'U Queue<T,U>::pop(void)': cannot convert 'this' pointer from 'Queue' to 'Queue<T,U> &'
D:\ionut\Info\Faculta\sem II\SDA - Structuri de Date si Algoritmi ( Diana Cristea - Troanca, Solea Victor )\Laboratoare\L3Root\l3_13\ExtendedTest.cpp(88,3): message : Reason: cannot convert from 'Queue' to 'Queue<T,U>'
D:\ionut\Info\Faculta\sem II\SDA - Structuri de Date si Algoritmi ( Diana Cristea - Troanca, Solea Victor )\Laboratoare\L3Root\l3_13\ExtendedTest.cpp(88,3): message : Conversion requires a second user-defined-conversion operator or constructor
D:\ionut\Info\Faculta\sem II\SDA - Structuri de Date si Algoritmi ( Diana Cristea - Troanca, Solea Victor )\Laboratoare\L3Root\l3_13\Queue.h(62,4): message : see declaration of 'Queue<T,U>::pop'
D:\ionut\Info\Faculta\sem II\SDA - Structuri de Date si Algoritmi ( Diana Cristea - Troanca, Solea Victor )\Laboratoare\L3Root\l3_13\ExtendedTest.cpp(90,2): error C2662: 'bool Queue<T,U>::isEmpty(void) const': cannot convert 'this' pointer from 'Queue' to 'const Queue<T,U> &'
D:\ionut\Info\Faculta\sem II\SDA - Structuri de Date si Algoritmi ( Diana Cristea - Troanca, Solea Victor )\Laboratoare\L3Root\l3_13\ExtendedTest.cpp(90,2): message : Reason: cannot convert from 'Queue' to 'const Queue<T,U>'
D:\ionut\Info\Faculta\sem II\SDA - Structuri de Date si Algoritmi ( Diana Cristea - Troanca, Solea Victor )\Laboratoare\L3Root\l3_13\ExtendedTest.cpp(90,2): message : Conversion requires a second user-defined-conversion operator or constructor
D:\ionut\Info\Faculta\sem II\SDA - Structuri de Date si Algoritmi ( Diana Cristea - Troanca, Solea Victor )\Laboratoare\L3Root\l3_13\Queue.h(65,7): message : see declaration of 'Queue<T,U>::isEmpty'
D:\ionut\Info\Faculta\sem II\SDA - Structuri de Date si Algoritmi ( Diana Cristea - Troanca, Solea Victor )\Laboratoare\L3Root\l3_13\ExtendedTest.cpp(93,3): error C2662: 'U Queue<T,U>::pop(void)': cannot convert 'this' pointer from 'Queue' to 'Queue<T,U> &'
D:\ionut\Info\Faculta\sem II\SDA - Structuri de Date si Algoritmi ( Diana Cristea - Troanca, Solea Victor )\Laboratoare\L3Root\l3_13\ExtendedTest.cpp(93,3): message : Reason: cannot convert from 'Queue' to 'Queue<T,U>'
D:\ionut\Info\Faculta\sem II\SDA - Structuri de Date si Algoritmi ( Diana Cristea - Troanca, Solea Victor )\Laboratoare\L3Root\l3_13\ExtendedTest.cpp(93,3): message : Conversion requires a second user-defined-conversion operator or constructor
D:\ionut\Info\Faculta\sem II\SDA - Structuri de Date si Algoritmi ( Diana Cristea - Troanca, Solea Victor )\Laboratoare\L3Root\l3_13\Queue.h(62,4): message : see declaration of 'Queue<T,U>::pop'
D:\ionut\Info\Faculta\sem II\SDA - Structuri de Date si Algoritmi ( Diana Cristea - Troanca, Solea Victor )\Laboratoare\L3Root\l3_13\ExtendedTest.cpp(95,2): error C2662: 'bool Queue<T,U>::isEmpty(void) const': cannot convert 'this' pointer from 'Queue' to 'const Queue<T,U> &'
D:\ionut\Info\Faculta\sem II\SDA - Structuri de Date si Algoritmi ( Diana Cristea - Troanca, Solea Victor )\Laboratoare\L3Root\l3_13\ExtendedTest.cpp(95,2): message : Reason: cannot convert from 'Queue' to 'const Queue<T,U>'
D:\ionut\Info\Faculta\sem II\SDA - Structuri de Date si Algoritmi ( Diana Cristea - Troanca, Solea Victor )\Laboratoare\L3Root\l3_13\ExtendedTest.cpp(95,2): message : Conversion requires a second user-defined-conversion operator or constructor
D:\ionut\Info\Faculta\sem II\SDA - Structuri de Date si Algoritmi ( Diana Cristea - Troanca, Solea Victor )\Laboratoare\L3Root\l3_13\Queue.h(65,7): message : see declaration of 'Queue<T,U>::isEmpty'
D:\ionut\Info\Faculta\sem II\SDA - Structuri de Date si Algoritmi ( Diana Cristea - Troanca, Solea Victor )\Laboratoare\L3Root\l3_13\ExtendedTest.cpp(100,9): error C2133: 'q': unknown size
D:\ionut\Info\Faculta\sem II\SDA - Structuri de Date si Algoritmi ( Diana Cristea - Troanca, Solea Victor )\Laboratoare\L3Root\l3_13\ExtendedTest.cpp(100,8): error C2512: 'Queue': no appropriate default constructor available
D:\ionut\Info\Faculta\sem II\SDA - Structuri de Date si Algoritmi ( Diana Cristea - Troanca, Solea Victor )\Laboratoare\L3Root\l3_13\Queue.h(36,1): message : see declaration of 'Queue'
D:\ionut\Info\Faculta\sem II\SDA - Structuri de Date si Algoritmi ( Diana Cristea - Troanca, Solea Victor )\Laboratoare\L3Root\l3_13\ExtendedTest.cpp(106,15): error C2662: 'void Queue<T,U>::push(U)': cannot convert 'this' pointer from 'Queue' to 'Queue<T,U> &'
D:\ionut\Info\Faculta\sem II\SDA - Structuri de Date si Algoritmi ( Diana Cristea - Troanca, Solea Victor )\Laboratoare\L3Root\l3_13\ExtendedTest.cpp(106,15): message : Reason: cannot convert from 'Queue' to 'Queue<T,U>'
D:\ionut\Info\Faculta\sem II\SDA - Structuri de Date si Algoritmi ( Diana Cristea - Troanca, Solea Victor )\Laboratoare\L3Root\l3_13\ExtendedTest.cpp(106,4): message : Conversion requires a second user-defined-conversion operator or constructor
D:\ionut\Info\Faculta\sem II\SDA - Structuri de Date si Algoritmi ( Diana Cristea - Troanca, Solea Victor )\Laboratoare\L3Root\l3_13\Queue.h(54,7): message : see declaration of 'Queue<T,U>::push'
D:\ionut\Info\Faculta\sem II\SDA - Structuri de Date si Algoritmi ( Diana Cristea - Troanca, Solea Victor )\Laboratoare\L3Root\l3_13\ExtendedTest.cpp(109,3): error C2662: 'U Queue<T,U>::pop(void)': cannot convert 'this' pointer from 'Queue' to 'Queue<T,U> &'
D:\ionut\Info\Faculta\sem II\SDA - Structuri de Date si Algoritmi ( Diana Cristea - Troanca, Solea Victor )\Laboratoare\L3Root\l3_13\ExtendedTest.cpp(109,3): message : Reason: cannot convert from 'Queue' to 'Queue<T,U>'
D:\ionut\Info\Faculta\sem II\SDA - Structuri de Date si Algoritmi ( Diana Cristea - Troanca, Solea Victor )\Laboratoare\L3Root\l3_13\ExtendedTest.cpp(109,3): message : Conversion requires a second user-defined-conversion operator or constructor
D:\ionut\Info\Faculta\sem II\SDA - Structuri de Date si Algoritmi ( Diana Cristea - Troanca, Solea Victor )\Laboratoare\L3Root\l3_13\Queue.h(62,4): message : see declaration of 'Queue<T,U>::pop'
D:\ionut\Info\Faculta\sem II\SDA - Structuri de Date si Algoritmi ( Diana Cristea - Troanca, Solea Victor )\Laboratoare\L3Root\l3_13\ExtendedTest.cpp(115,20): error C2662: 'bool Queue<T,U>::isEmpty(void) const': cannot convert 'this' pointer from 'Queue' to 'const Queue<T,U> &'
D:\ionut\Info\Faculta\sem II\SDA - Structuri de Date si Algoritmi ( Diana Cristea - Troanca, Solea Victor )\Laboratoare\L3Root\l3_13\ExtendedTest.cpp(115,20): message : Reason: cannot convert from 'Queue' to 'const Queue<T,U>'
D:\ionut\Info\Faculta\sem II\SDA - Structuri de Date si Algoritmi ( Diana Cristea - Troanca, Solea Victor )\Laboratoare\L3Root\l3_13\ExtendedTest.cpp(115,10): message : Conversion requires a second user-defined-conversion operator or constructor
D:\ionut\Info\Faculta\sem II\SDA - Structuri de Date si Algoritmi ( Diana Cristea - Troanca, Solea Victor )\Laboratoare\L3Root\l3_13\Queue.h(65,7): message : see declaration of 'Queue<T,U>::isEmpty'
D:\ionut\Info\Faculta\sem II\SDA - Structuri de Date si Algoritmi ( Diana Cristea - Troanca, Solea Victor )\Laboratoare\L3Root\l3_13\ExtendedTest.cpp(116,3): error C2662: 'U Queue<T,U>::pop(void)': cannot convert 'this' pointer from 'Queue' to 'Queue<T,U> &'
D:\ionut\Info\Faculta\sem II\SDA - Structuri de Date si Algoritmi ( Diana Cristea - Troanca, Solea Victor )\Laboratoare\L3Root\l3_13\ExtendedTest.cpp(116,3): message : Reason: cannot convert from 'Queue' to 'Queue<T,U>'
D:\ionut\Info\Faculta\sem II\SDA - Structuri de Date si Algoritmi ( Diana Cristea - Troanca, Solea Victor )\Laboratoare\L3Root\l3_13\ExtendedTest.cpp(116,3): message : Conversion requires a second user-defined-conversion operator or constructor
D:\ionut\Info\Faculta\sem II\SDA - Structuri de Date si Algoritmi ( Diana Cristea - Troanca, Solea Victor )\Laboratoare\L3Root\l3_13\Queue.h(62,4): message : see declaration of 'Queue<T,U>::pop'
D:\ionut\Info\Faculta\sem II\SDA - Structuri de Date si Algoritmi ( Diana Cristea - Troanca, Solea Victor )\Laboratoare\L3Root\l3_13\ExtendedTest.cpp(123,9): error C2133: 'q': unknown size
D:\ionut\Info\Faculta\sem II\SDA - Structuri de Date si Algoritmi ( Diana Cristea - Troanca, Solea Victor )\Laboratoare\L3Root\l3_13\ExtendedTest.cpp(123,8): error C2512: 'Queue': no appropriate default constructor available
D:\ionut\Info\Faculta\sem II\SDA - Structuri de Date si Algoritmi ( Diana Cristea - Troanca, Solea Victor )\Laboratoare\L3Root\l3_13\Queue.h(36,1): message : see declaration of 'Queue'
D:\ionut\Info\Faculta\sem II\SDA - Structuri de Date si Algoritmi ( Diana Cristea - Troanca, Solea Victor )\Laboratoare\L3Root\l3_13\ExtendedTest.cpp(126,16): error C2662: 'void Queue<T,U>::push(U)': cannot convert 'this' pointer from 'Queue' to 'Queue<T,U> &'
D:\ionut\Info\Faculta\sem II\SDA - Structuri de Date si Algoritmi ( Diana Cristea - Troanca, Solea Victor )\Laboratoare\L3Root\l3_13\ExtendedTest.cpp(126,16): message : Reason: cannot convert from 'Queue' to 'Queue<T,U>'
D:\ionut\Info\Faculta\sem II\SDA - Structuri de Date si Algoritmi ( Diana Cristea - Troanca, Solea Victor )\Laboratoare\L3Root\l3_13\ExtendedTest.cpp(126,4): message : Conversion requires a second user-defined-conversion operator or constructor
D:\ionut\Info\Faculta\sem II\SDA - Structuri de Date si Algoritmi ( Diana Cristea - Troanca, Solea Victor )\Laboratoare\L3Root\l3_13\Queue.h(54,7): message : see declaration of 'Queue<T,U>::push'
D:\ionut\Info\Faculta\sem II\SDA - Structuri de Date si Algoritmi ( Diana Cristea - Troanca, Solea Victor )\Laboratoare\L3Root\l3_13\ExtendedTest.cpp(132,4): error C2662: 'U Queue<T,U>::pop(void)': cannot convert 'this' pointer from 'Queue' to 'Queue<T,U> &'
D:\ionut\Info\Faculta\sem II\SDA - Structuri de Date si Algoritmi ( Diana Cristea - Troanca, Solea Victor )\Laboratoare\L3Root\l3_13\ExtendedTest.cpp(132,4): message : Reason: cannot convert from 'Queue' to 'Queue<T,U>'
D:\ionut\Info\Faculta\sem II\SDA - Structuri de Date si Algoritmi ( Diana Cristea - Troanca, Solea Victor )\Laboratoare\L3Root\l3_13\ExtendedTest.cpp(132,4): message : Conversion requires a second user-defined-conversion operator or constructor
D:\ionut\Info\Faculta\sem II\SDA - Structuri de Date si Algoritmi ( Diana Cristea - Troanca, Solea Victor )\Laboratoare\L3Root\l3_13\Queue.h(62,4): message : see declaration of 'Queue<T,U>::pop'
  main.cpp
D:\ionut\Info\Faculta\sem II\SDA - Structuri de Date si Algoritmi ( Diana Cristea - Troanca, Solea Victor )\Laboratoare\L3Root\l3_13\main.cpp(168,75): error C2955: 'Queue': use of class template requires template argument list
D:\ionut\Info\Faculta\sem II\SDA - Structuri de Date si Algoritmi ( Diana Cristea - Troanca, Solea Victor )\Laboratoare\L3Root\l3_13\Queue.h(36): message : see declaration of 'Queue'
D:\ionut\Info\Faculta\sem II\SDA - Structuri de Date si Algoritmi ( Diana Cristea - Troanca, Solea Victor )\Laboratoare\L3Root\l3_13\main.cpp(173,12): error C2662: 'void Queue<T,U>::push(U)': cannot convert 'this' pointer from 'Queue' to 'Queue<T,U> &'
D:\ionut\Info\Faculta\sem II\SDA - Structuri de Date si Algoritmi ( Diana Cristea - Troanca, Solea Victor )\Laboratoare\L3Root\l3_13\main.cpp(173,12): message : Reason: cannot convert from 'Queue' to 'Queue<T,U>'
D:\ionut\Info\Faculta\sem II\SDA - Structuri de Date si Algoritmi ( Diana Cristea - Troanca, Solea Victor )\Laboratoare\L3Root\l3_13\main.cpp(173,2): message : Conversion requires a second user-defined-conversion operator or constructor
D:\ionut\Info\Faculta\sem II\SDA - Structuri de Date si Algoritmi ( Diana Cristea - Troanca, Solea Victor )\Laboratoare\L3Root\l3_13\Queue.h(54,7): message : see declaration of 'Queue<T,U>::push'
D:\ionut\Info\Faculta\sem II\SDA - Structuri de Date si Algoritmi ( Diana Cristea - Troanca, Solea Victor )\Laboratoare\L3Root\l3_13\main.cpp(189,19): error C2662: 'void Queue<T,U>::push(U)': cannot convert 'this' pointer from 'Queue' to 'Queue<T,U> &'
D:\ionut\Info\Faculta\sem II\SDA - Structuri de Date si Algoritmi ( Diana Cristea - Troanca, Solea Victor )\Laboratoare\L3Root\l3_13\main.cpp(189,19): message : Reason: cannot convert from 'Queue' to 'Queue<T,U>'
D:\ionut\Info\Faculta\sem II\SDA - Structuri de Date si Algoritmi ( Diana Cristea - Troanca, Solea Victor )\Laboratoare\L3Root\l3_13\main.cpp(189,5): message : Conversion requires a second user-defined-conversion operator or constructor
D:\ionut\Info\Faculta\sem II\SDA - Structuri de Date si Algoritmi ( Diana Cristea - Troanca, Solea Victor )\Laboratoare\L3Root\l3_13\Queue.h(54,7): message : see declaration of 'Queue<T,U>::push'
D:\ionut\Info\Faculta\sem II\SDA - Structuri de Date si Algoritmi ( Diana Cristea - Troanca, Solea Victor )\Laboratoare\L3Root\l3_13\main.cpp(197,14): error C2662: 'void Queue<T,U>::push(U)': cannot convert 'this' pointer from 'Queue' to 'Queue<T,U> &'
D:\ionut\Info\Faculta\sem II\SDA - Structuri de Date si Algoritmi ( Diana Cristea - Troanca, Solea Victor )\Laboratoare\L3Root\l3_13\main.cpp(197,14): message : Reason: cannot convert from 'Queue' to 'Queue<T,U>'
D:\ionut\Info\Faculta\sem II\SDA - Structuri de Date si Algoritmi ( Diana Cristea - Troanca, Solea Victor )\Laboratoare\L3Root\l3_13\main.cpp(197,2): message : Conversion requires a second user-defined-conversion operator or constructor
D:\ionut\Info\Faculta\sem II\SDA - Structuri de Date si Algoritmi ( Diana Cristea - Troanca, Solea Victor )\Laboratoare\L3Root\l3_13\Queue.h(54,7): message : see declaration of 'Queue<T,U>::push'
D:\ionut\Info\Faculta\sem II\SDA - Structuri de Date si Algoritmi ( Diana Cristea - Troanca, Solea Victor )\Laboratoare\L3Root\l3_13\main.cpp(205,18): error C2662: 'U Queue<T,U>::pop(void)': cannot convert 'this' pointer from 'Queue' to 'Queue<T,U> &'
D:\ionut\Info\Faculta\sem II\SDA - Structuri de Date si Algoritmi ( Diana Cristea - Troanca, Solea Victor )\Laboratoare\L3Root\l3_13\main.cpp(205,18): message : Reason: cannot convert from 'Queue' to 'Queue<T,U>'
D:\ionut\Info\Faculta\sem II\SDA - Structuri de Date si Algoritmi ( Diana Cristea - Troanca, Solea Victor )\Laboratoare\L3Root\l3_13\main.cpp(205,12): message : Conversion requires a second user-defined-conversion operator or constructor
D:\ionut\Info\Faculta\sem II\SDA - Structuri de Date si Algoritmi ( Diana Cristea - Troanca, Solea Victor )\Laboratoare\L3Root\l3_13\Queue.h(62,4): message : see declaration of 'Queue<T,U>::pop'
D:\ionut\Info\Faculta\sem II\SDA - Structuri de Date si Algoritmi ( Diana Cristea - Troanca, Solea Victor )\Laboratoare\L3Root\l3_13\main.cpp(211,16): error C2662: 'void Queue<T,U>::push(U)': cannot convert 'this' pointer from 'Queue' to 'Queue<T,U> &'
D:\ionut\Info\Faculta\sem II\SDA - Structuri de Date si Algoritmi ( Diana Cristea - Troanca, Solea Victor )\Laboratoare\L3Root\l3_13\main.cpp(211,16): message : Reason: cannot convert from 'Queue' to 'Queue<T,U>'
D:\ionut\Info\Faculta\sem II\SDA - Structuri de Date si Algoritmi ( Diana Cristea - Troanca, Solea Victor )\Laboratoare\L3Root\l3_13\main.cpp(211,3): message : Conversion requires a second user-defined-conversion operator or constructor
D:\ionut\Info\Faculta\sem II\SDA - Structuri de Date si Algoritmi ( Diana Cristea - Troanca, Solea Victor )\Laboratoare\L3Root\l3_13\Queue.h(54,7): message : see declaration of 'Queue<T,U>::push'
D:\ionut\Info\Faculta\sem II\SDA - Structuri de Date si Algoritmi ( Diana Cristea - Troanca, Solea Victor )\Laboratoare\L3Root\l3_13\main.cpp(255,13): error C2133: 'cale': unknown size
D:\ionut\Info\Faculta\sem II\SDA - Structuri de Date si Algoritmi ( Diana Cristea - Troanca, Solea Victor )\Laboratoare\L3Root\l3_13\main.cpp(255,9): error C2512: 'Queue': no appropriate default constructor available
D:\ionut\Info\Faculta\sem II\SDA - Structuri de Date si Algoritmi ( Diana Cristea - Troanca, Solea Victor )\Laboratoare\L3Root\l3_13\Queue.h(36,1): message : see declaration of 'Queue'
D:\ionut\Info\Faculta\sem II\SDA - Structuri de Date si Algoritmi ( Diana Cristea - Troanca, Solea Victor )\Laboratoare\L3Root\l3_13\main.cpp(259,17): error C2662: 'void Queue<T,U>::toString(void) const': cannot convert 'this' pointer from 'Queue' to 'const Queue<T,U> &'
D:\ionut\Info\Faculta\sem II\SDA - Structuri de Date si Algoritmi ( Diana Cristea - Troanca, Solea Victor )\Laboratoare\L3Root\l3_13\main.cpp(259,17): message : Reason: cannot convert from 'Queue' to 'const Queue<T,U>'
D:\ionut\Info\Faculta\sem II\SDA - Structuri de Date si Algoritmi ( Diana Cristea - Troanca, Solea Victor )\Laboratoare\L3Root\l3_13\main.cpp(259,3): message : Conversion requires a second user-defined-conversion operator or constructor
D:\ionut\Info\Faculta\sem II\SDA - Structuri de Date si Algoritmi ( Diana Cristea - Troanca, Solea Victor )\Laboratoare\L3Root\l3_13\Queue.h(68,7): message : see declaration of 'Queue<T,U>::toString'
  Queue.cpp
D:\ionut\Info\Faculta\sem II\SDA - Structuri de Date si Algoritmi ( Diana Cristea - Troanca, Solea Victor )\Laboratoare\L3Root\l3_13\Queue.cpp(18,21): error C2955: 'Queue': use of class template requires template argument list
D:\ionut\Info\Faculta\sem II\SDA - Structuri de Date si Algoritmi ( Diana Cristea - Troanca, Solea Victor )\Laboratoare\L3Root\l3_13\Queue.h(36): message : see declaration of 'Queue'
D:\ionut\Info\Faculta\sem II\SDA - Structuri de Date si Algoritmi ( Diana Cristea - Troanca, Solea Victor )\Laboratoare\L3Root\l3_13\Queue.cpp(18,13): error C2955: 'Queue': use of class template requires template argument list
D:\ionut\Info\Faculta\sem II\SDA - Structuri de Date si Algoritmi ( Diana Cristea - Troanca, Solea Victor )\Laboratoare\L3Root\l3_13\Queue.h(36): message : see declaration of 'Queue'
D:\ionut\Info\Faculta\sem II\SDA - Structuri de Date si Algoritmi ( Diana Cristea - Troanca, Solea Victor )\Laboratoare\L3Root\l3_13\Queue.cpp(19,1): error C2509: 'toString': member function not declared in 'Queue'
D:\ionut\Info\Faculta\sem II\SDA - Structuri de Date si Algoritmi ( Diana Cristea - Troanca, Solea Victor )\Laboratoare\L3Root\l3_13\Queue.h(36): message : see declaration of 'Queue'
D:\ionut\Info\Faculta\sem II\SDA - Structuri de Date si Algoritmi ( Diana Cristea - Troanca, Solea Victor )\Laboratoare\L3Root\l3_13\Queue.cpp(36,8): error C2955: 'Queue': use of class template requires template argument list
D:\ionut\Info\Faculta\sem II\SDA - Structuri de Date si Algoritmi ( Diana Cristea - Troanca, Solea Victor )\Laboratoare\L3Root\l3_13\Queue.h(36): message : see declaration of 'Queue'
D:\ionut\Info\Faculta\sem II\SDA - Structuri de Date si Algoritmi ( Diana Cristea - Troanca, Solea Victor )\Laboratoare\L3Root\l3_13\Queue.cpp(36,16): error C2509: '{ctor}': member function not declared in 'Queue'
D:\ionut\Info\Faculta\sem II\SDA - Structuri de Date si Algoritmi ( Diana Cristea - Troanca, Solea Victor )\Laboratoare\L3Root\l3_13\Queue.h(36): message : see declaration of 'Queue'
D:\ionut\Info\Faculta\sem II\SDA - Structuri de Date si Algoritmi ( Diana Cristea - Troanca, Solea Victor )\Laboratoare\L3Root\l3_13\Queue.cpp(64,13): error C2955: 'Queue': use of class template requires template argument list
D:\ionut\Info\Faculta\sem II\SDA - Structuri de Date si Algoritmi ( Diana Cristea - Troanca, Solea Victor )\Laboratoare\L3Root\l3_13\Queue.h(36): message : see declaration of 'Queue'
D:\ionut\Info\Faculta\sem II\SDA - Structuri de Date si Algoritmi ( Diana Cristea - Troanca, Solea Victor )\Laboratoare\L3Root\l3_13\Queue.cpp(64,26): error C2509: 'push': member function not declared in 'Queue'
D:\ionut\Info\Faculta\sem II\SDA - Structuri de Date si Algoritmi ( Diana Cristea - Troanca, Solea Victor )\Laboratoare\L3Root\l3_13\Queue.h(36): message : see declaration of 'Queue'
D:\ionut\Info\Faculta\sem II\SDA - Structuri de Date si Algoritmi ( Diana Cristea - Troanca, Solea Victor )\Laboratoare\L3Root\l3_13\Queue.cpp(110,10): error C2955: 'Queue': use of class template requires template argument list
D:\ionut\Info\Faculta\sem II\SDA - Structuri de Date si Algoritmi ( Diana Cristea - Troanca, Solea Victor )\Laboratoare\L3Root\l3_13\Queue.h(36): message : see declaration of 'Queue'
D:\ionut\Info\Faculta\sem II\SDA - Structuri de Date si Algoritmi ( Diana Cristea - Troanca, Solea Victor )\Laboratoare\L3Root\l3_13\Queue.cpp(110,22): error C2509: 'top': member function not declared in 'Queue'
D:\ionut\Info\Faculta\sem II\SDA - Structuri de Date si Algoritmi ( Diana Cristea - Troanca, Solea Victor )\Laboratoare\L3Root\l3_13\Queue.h(36): message : see declaration of 'Queue'
D:\ionut\Info\Faculta\sem II\SDA - Structuri de Date si Algoritmi ( Diana Cristea - Troanca, Solea Victor )\Laboratoare\L3Root\l3_13\Queue.cpp(123,10): error C2955: 'Queue': use of class template requires template argument list
D:\ionut\Info\Faculta\sem II\SDA - Structuri de Date si Algoritmi ( Diana Cristea - Troanca, Solea Victor )\Laboratoare\L3Root\l3_13\Queue.h(36): message : see declaration of 'Queue'
D:\ionut\Info\Faculta\sem II\SDA - Structuri de Date si Algoritmi ( Diana Cristea - Troanca, Solea Victor )\Laboratoare\L3Root\l3_13\Queue.cpp(123,16): error C2509: 'pop': member function not declared in 'Queue'
D:\ionut\Info\Faculta\sem II\SDA - Structuri de Date si Algoritmi ( Diana Cristea - Troanca, Solea Victor )\Laboratoare\L3Root\l3_13\Queue.h(36): message : see declaration of 'Queue'
D:\ionut\Info\Faculta\sem II\SDA - Structuri de Date si Algoritmi ( Diana Cristea - Troanca, Solea Victor )\Laboratoare\L3Root\l3_13\Queue.cpp(155,29): error C2244: 'Queue::isEmpty': unable to match function definition to an existing declaration
D:\ionut\Info\Faculta\sem II\SDA - Structuri de Date si Algoritmi ( Diana Cristea - Troanca, Solea Victor )\Laboratoare\L3Root\l3_13\Queue.cpp(155): message : see declaration of 'Queue::isEmpty'
D:\ionut\Info\Faculta\sem II\SDA - Structuri de Date si Algoritmi ( Diana Cristea - Troanca, Solea Victor )\Laboratoare\L3Root\l3_13\Queue.cpp(155,29): message : definition
D:\ionut\Info\Faculta\sem II\SDA - Structuri de Date si Algoritmi ( Diana Cristea - Troanca, Solea Victor )\Laboratoare\L3Root\l3_13\Queue.cpp(155,29): message : 'bool Queue::isEmpty(void) const'
D:\ionut\Info\Faculta\sem II\SDA - Structuri de Date si Algoritmi ( Diana Cristea - Troanca, Solea Victor )\Laboratoare\L3Root\l3_13\Queue.cpp(155,29): message : existing declarations
D:\ionut\Info\Faculta\sem II\SDA - Structuri de Date si Algoritmi ( Diana Cristea - Troanca, Solea Victor )\Laboratoare\L3Root\l3_13\Queue.cpp(155,29): message : 'bool Queue<T,U>::isEmpty(void) const'
D:\ionut\Info\Faculta\sem II\SDA - Structuri de Date si Algoritmi ( Diana Cristea - Troanca, Solea Victor )\Laboratoare\L3Root\l3_13\Queue.cpp(167,9): error C2955: 'Queue': use of class template requires template argument list
D:\ionut\Info\Faculta\sem II\SDA - Structuri de Date si Algoritmi ( Diana Cristea - Troanca, Solea Victor )\Laboratoare\L3Root\l3_13\Queue.h(36): message : see declaration of 'Queue'
D:\ionut\Info\Faculta\sem II\SDA - Structuri de Date si Algoritmi ( Diana Cristea - Troanca, Solea Victor )\Laboratoare\L3Root\l3_13\Queue.cpp(167,17): error C2509: '{dtor}': member function not declared in 'Queue'
D:\ionut\Info\Faculta\sem II\SDA - Structuri de Date si Algoritmi ( Diana Cristea - Troanca, Solea Victor )\Laboratoare\L3Root\l3_13\Queue.h(36): message : see declaration of 'Queue'
  ShortTest.cpp
D:\ionut\Info\Faculta\sem II\SDA - Structuri de Date si Algoritmi ( Diana Cristea - Troanca, Solea Victor )\Laboratoare\L3Root\l3_13\ShortTest.cpp(7,8): error C2955: 'Queue': use of class template requires template argument list
D:\ionut\Info\Faculta\sem II\SDA - Structuri de Date si Algoritmi ( Diana Cristea - Troanca, Solea Victor )\Laboratoare\L3Root\l3_13\Queue.h(36): message : see declaration of 'Queue'
D:\ionut\Info\Faculta\sem II\SDA - Structuri de Date si Algoritmi ( Diana Cristea - Troanca, Solea Victor )\Laboratoare\L3Root\l3_13\ShortTest.cpp(7,9): error C2133: 'q': unknown size
D:\ionut\Info\Faculta\sem II\SDA - Structuri de Date si Algoritmi ( Diana Cristea - Troanca, Solea Victor )\Laboratoare\L3Root\l3_13\ShortTest.cpp(7,8): error C2512: 'Queue': no appropriate default constructor available
D:\ionut\Info\Faculta\sem II\SDA - Structuri de Date si Algoritmi ( Diana Cristea - Troanca, Solea Victor )\Laboratoare\L3Root\l3_13\Queue.h(36,1): message : see declaration of 'Queue'
D:\ionut\Info\Faculta\sem II\SDA - Structuri de Date si Algoritmi ( Diana Cristea - Troanca, Solea Victor )\Laboratoare\L3Root\l3_13\ShortTest.cpp(8,2): error C2662: 'bool Queue<T,U>::isEmpty(void) const': cannot convert 'this' pointer from 'Queue' to 'const Queue<T,U> &'
D:\ionut\Info\Faculta\sem II\SDA - Structuri de Date si Algoritmi ( Diana Cristea - Troanca, Solea Victor )\Laboratoare\L3Root\l3_13\ShortTest.cpp(8,2): message : Reason: cannot convert from 'Queue' to 'const Queue<T,U>'
D:\ionut\Info\Faculta\sem II\SDA - Structuri de Date si Algoritmi ( Diana Cristea - Troanca, Solea Victor )\Laboratoare\L3Root\l3_13\ShortTest.cpp(8,2): message : Conversion requires a second user-defined-conversion operator or constructor
D:\ionut\Info\Faculta\sem II\SDA - Structuri de Date si Algoritmi ( Diana Cristea - Troanca, Solea Victor )\Laboratoare\L3Root\l3_13\Queue.h(65,7): message : see declaration of 'Queue<T,U>::isEmpty'
D:\ionut\Info\Faculta\sem II\SDA - Structuri de Date si Algoritmi ( Diana Cristea - Troanca, Solea Victor )\Laboratoare\L3Root\l3_13\ShortTest.cpp(9,10): error C2662: 'void Queue<T,U>::push(U)': cannot convert 'this' pointer from 'Queue' to 'Queue<T,U> &'
D:\ionut\Info\Faculta\sem II\SDA - Structuri de Date si Algoritmi ( Diana Cristea - Troanca, Solea Victor )\Laboratoare\L3Root\l3_13\ShortTest.cpp(9,10): message : Reason: cannot convert from 'Queue' to 'Queue<T,U>'
D:\ionut\Info\Faculta\sem II\SDA - Structuri de Date si Algoritmi ( Diana Cristea - Troanca, Solea Victor )\Laboratoare\L3Root\l3_13\ShortTest.cpp(9,2): message : Conversion requires a second user-defined-conversion operator or constructor
D:\ionut\Info\Faculta\sem II\SDA - Structuri de Date si Algoritmi ( Diana Cristea - Troanca, Solea Victor )\Laboratoare\L3Root\l3_13\Queue.h(54,7): message : see declaration of 'Queue<T,U>::push'
D:\ionut\Info\Faculta\sem II\SDA - Structuri de Date si Algoritmi ( Diana Cristea - Troanca, Solea Victor )\Laboratoare\L3Root\l3_13\ShortTest.cpp(10,10): error C2662: 'void Queue<T,U>::push(U)': cannot convert 'this' pointer from 'Queue' to 'Queue<T,U> &'
D:\ionut\Info\Faculta\sem II\SDA - Structuri de Date si Algoritmi ( Diana Cristea - Troanca, Solea Victor )\Laboratoare\L3Root\l3_13\ShortTest.cpp(10,10): message : Reason: cannot convert from 'Queue' to 'Queue<T,U>'
D:\ionut\Info\Faculta\sem II\SDA - Structuri de Date si Algoritmi ( Diana Cristea - Troanca, Solea Victor )\Laboratoare\L3Root\l3_13\ShortTest.cpp(10,2): message : Conversion requires a second user-defined-conversion operator or constructor
D:\ionut\Info\Faculta\sem II\SDA - Structuri de Date si Algoritmi ( Diana Cristea - Troanca, Solea Victor )\Laboratoare\L3Root\l3_13\Queue.h(54,7): message : see declaration of 'Queue<T,U>::push'
D:\ionut\Info\Faculta\sem II\SDA - Structuri de Date si Algoritmi ( Diana Cristea - Troanca, Solea Victor )\Laboratoare\L3Root\l3_13\ShortTest.cpp(11,11): error C2662: 'void Queue<T,U>::push(U)': cannot convert 'this' pointer from 'Queue' to 'Queue<T,U> &'
D:\ionut\Info\Faculta\sem II\SDA - Structuri de Date si Algoritmi ( Diana Cristea - Troanca, Solea Victor )\Laboratoare\L3Root\l3_13\ShortTest.cpp(11,11): message : Reason: cannot convert from 'Queue' to 'Queue<T,U>'
D:\ionut\Info\Faculta\sem II\SDA - Structuri de Date si Algoritmi ( Diana Cristea - Troanca, Solea Victor )\Laboratoare\L3Root\l3_13\ShortTest.cpp(11,2): message : Conversion requires a second user-defined-conversion operator or constructor
D:\ionut\Info\Faculta\sem II\SDA - Structuri de Date si Algoritmi ( Diana Cristea - Troanca, Solea Victor )\Laboratoare\L3Root\l3_13\Queue.h(54,7): message : see declaration of 'Queue<T,U>::push'
D:\ionut\Info\Faculta\sem II\SDA - Structuri de Date si Algoritmi ( Diana Cristea - Troanca, Solea Victor )\Laboratoare\L3Root\l3_13\ShortTest.cpp(12,2): error C2662: 'bool Queue<T,U>::isEmpty(void) const': cannot convert 'this' pointer from 'Queue' to 'const Queue<T,U> &'
D:\ionut\Info\Faculta\sem II\SDA - Structuri de Date si Algoritmi ( Diana Cristea - Troanca, Solea Victor )\Laboratoare\L3Root\l3_13\ShortTest.cpp(12,2): message : Reason: cannot convert from 'Queue' to 'const Queue<T,U>'
D:\ionut\Info\Faculta\sem II\SDA - Structuri de Date si Algoritmi ( Diana Cristea - Troanca, Solea Victor )\Laboratoare\L3Root\l3_13\ShortTest.cpp(12,2): message : Conversion requires a second user-defined-conversion operator or constructor
D:\ionut\Info\Faculta\sem II\SDA - Structuri de Date si Algoritmi ( Diana Cristea - Troanca, Solea Victor )\Laboratoare\L3Root\l3_13\Queue.h(65,7): message : see declaration of 'Queue<T,U>::isEmpty'
D:\ionut\Info\Faculta\sem II\SDA - Structuri de Date si Algoritmi ( Diana Cristea - Troanca, Solea Victor )\Laboratoare\L3Root\l3_13\ShortTest.cpp(13,2): error C2662: 'U Queue<T,U>::top(void) const': cannot convert 'this' pointer from 'Queue' to 'const Queue<T,U> &'
D:\ionut\Info\Faculta\sem II\SDA - Structuri de Date si Algoritmi ( Diana Cristea - Troanca, Solea Victor )\Laboratoare\L3Root\l3_13\ShortTest.cpp(13,2): message : Reason: cannot convert from 'Queue' to 'const Queue<T,U>'
D:\ionut\Info\Faculta\sem II\SDA - Structuri de Date si Algoritmi ( Diana Cristea - Troanca, Solea Victor )\Laboratoare\L3Root\l3_13\ShortTest.cpp(13,2): message : Conversion requires a second user-defined-conversion operator or constructor
D:\ionut\Info\Faculta\sem II\SDA - Structuri de Date si Algoritmi ( Diana Cristea - Troanca, Solea Victor )\Laboratoare\L3Root\l3_13\Queue.h(58,4): message : see declaration of 'Queue<T,U>::top'
D:\ionut\Info\Faculta\sem II\SDA - Structuri de Date si Algoritmi ( Diana Cristea - Troanca, Solea Victor )\Laboratoare\L3Root\l3_13\ShortTest.cpp(14,2): error C2662: 'U Queue<T,U>::pop(void)': cannot convert 'this' pointer from 'Queue' to 'Queue<T,U> &'
D:\ionut\Info\Faculta\sem II\SDA - Structuri de Date si Algoritmi ( Diana Cristea - Troanca, Solea Victor )\Laboratoare\L3Root\l3_13\ShortTest.cpp(14,2): message : Reason: cannot convert from 'Queue' to 'Queue<T,U>'
D:\ionut\Info\Faculta\sem II\SDA - Structuri de Date si Algoritmi ( Diana Cristea - Troanca, Solea Victor )\Laboratoare\L3Root\l3_13\ShortTest.cpp(14,2): message : Conversion requires a second user-defined-conversion operator or constructor
D:\ionut\Info\Faculta\sem II\SDA - Structuri de Date si Algoritmi ( Diana Cristea - Troanca, Solea Victor )\Laboratoare\L3Root\l3_13\Queue.h(62,4): message : see declaration of 'Queue<T,U>::pop'
D:\ionut\Info\Faculta\sem II\SDA - Structuri de Date si Algoritmi ( Diana Cristea - Troanca, Solea Victor )\Laboratoare\L3Root\l3_13\ShortTest.cpp(15,2): error C2662: 'U Queue<T,U>::top(void) const': cannot convert 'this' pointer from 'Queue' to 'const Queue<T,U> &'
D:\ionut\Info\Faculta\sem II\SDA - Structuri de Date si Algoritmi ( Diana Cristea - Troanca, Solea Victor )\Laboratoare\L3Root\l3_13\ShortTest.cpp(15,2): message : Reason: cannot convert from 'Queue' to 'const Queue<T,U>'
D:\ionut\Info\Faculta\sem II\SDA - Structuri de Date si Algoritmi ( Diana Cristea - Troanca, Solea Victor )\Laboratoare\L3Root\l3_13\ShortTest.cpp(15,2): message : Conversion requires a second user-defined-conversion operator or constructor
D:\ionut\Info\Faculta\sem II\SDA - Structuri de Date si Algoritmi ( Diana Cristea - Troanca, Solea Victor )\Laboratoare\L3Root\l3_13\Queue.h(58,4): message : see declaration of 'Queue<T,U>::top'
D:\ionut\Info\Faculta\sem II\SDA - Structuri de Date si Algoritmi ( Diana Cristea - Troanca, Solea Victor )\Laboratoare\L3Root\l3_13\ShortTest.cpp(16,2): error C2662: 'U Queue<T,U>::pop(void)': cannot convert 'this' pointer from 'Queue' to 'Queue<T,U> &'
D:\ionut\Info\Faculta\sem II\SDA - Structuri de Date si Algoritmi ( Diana Cristea - Troanca, Solea Victor )\Laboratoare\L3Root\l3_13\ShortTest.cpp(16,2): message : Reason: cannot convert from 'Queue' to 'Queue<T,U>'
D:\ionut\Info\Faculta\sem II\SDA - Structuri de Date si Algoritmi ( Diana Cristea - Troanca, Solea Victor )\Laboratoare\L3Root\l3_13\ShortTest.cpp(16,2): message : Conversion requires a second user-defined-conversion operator or constructor
D:\ionut\Info\Faculta\sem II\SDA - Structuri de Date si Algoritmi ( Diana Cristea - Troanca, Solea Victor )\Laboratoare\L3Root\l3_13\Queue.h(62,4): message : see declaration of 'Queue<T,U>::pop'
D:\ionut\Info\Faculta\sem II\SDA - Structuri de Date si Algoritmi ( Diana Cristea - Troanca, Solea Victor )\Laboratoare\L3Root\l3_13\ShortTest.cpp(17,2): error C2662: 'U Queue<T,U>::top(void) const': cannot convert 'this' pointer from 'Queue' to 'const Queue<T,U> &'
D:\ionut\Info\Faculta\sem II\SDA - Structuri de Date si Algoritmi ( Diana Cristea - Troanca, Solea Victor )\Laboratoare\L3Root\l3_13\ShortTest.cpp(17,2): message : Reason: cannot convert from 'Queue' to 'const Queue<T,U>'
D:\ionut\Info\Faculta\sem II\SDA - Structuri de Date si Algoritmi ( Diana Cristea - Troanca, Solea Victor )\Laboratoare\L3Root\l3_13\ShortTest.cpp(17,2): message : Conversion requires a second user-defined-conversion operator or constructor
D:\ionut\Info\Faculta\sem II\SDA - Structuri de Date si Algoritmi ( Diana Cristea - Troanca, Solea Victor )\Laboratoare\L3Root\l3_13\Queue.h(58,4): message : see declaration of 'Queue<T,U>::top'
D:\ionut\Info\Faculta\sem II\SDA - Structuri de Date si Algoritmi ( Diana Cristea - Troanca, Solea Victor )\Laboratoare\L3Root\l3_13\ShortTest.cpp(18,2): error C2662: 'U Queue<T,U>::pop(void)': cannot convert 'this' pointer from 'Queue' to 'Queue<T,U> &'
D:\ionut\Info\Faculta\sem II\SDA - Structuri de Date si Algoritmi ( Diana Cristea - Troanca, Solea Victor )\Laboratoare\L3Root\l3_13\ShortTest.cpp(18,2): message : Reason: cannot convert from 'Queue' to 'Queue<T,U>'
D:\ionut\Info\Faculta\sem II\SDA - Structuri de Date si Algoritmi ( Diana Cristea - Troanca, Solea Victor )\Laboratoare\L3Root\l3_13\ShortTest.cpp(18,2): message : Conversion requires a second user-defined-conversion operator or constructor
D:\ionut\Info\Faculta\sem II\SDA - Structuri de Date si Algoritmi ( Diana Cristea - Troanca, Solea Victor )\Laboratoare\L3Root\l3_13\Queue.h(62,4): message : see declaration of 'Queue<T,U>::pop'
D:\ionut\Info\Faculta\sem II\SDA - Structuri de Date si Algoritmi ( Diana Cristea - Troanca, Solea Victor )\Laboratoare\L3Root\l3_13\ShortTest.cpp(19,2): error C2662: 'bool Queue<T,U>::isEmpty(void) const': cannot convert 'this' pointer from 'Queue' to 'const Queue<T,U> &'
D:\ionut\Info\Faculta\sem II\SDA - Structuri de Date si Algoritmi ( Diana Cristea - Troanca, Solea Victor )\Laboratoare\L3Root\l3_13\ShortTest.cpp(19,2): message : Reason: cannot convert from 'Queue' to 'const Queue<T,U>'
D:\ionut\Info\Faculta\sem II\SDA - Structuri de Date si Algoritmi ( Diana Cristea - Troanca, Solea Victor )\Laboratoare\L3Root\l3_13\ShortTest.cpp(19,2): message : Conversion requires a second user-defined-conversion operator or constructor
D:\ionut\Info\Faculta\sem II\SDA - Structuri de Date si Algoritmi ( Diana Cristea - Troanca, Solea Victor )\Laboratoare\L3Root\l3_13\Queue.h(65,7): message : see declaration of 'Queue<T,U>::isEmpty'
  Generating Code...
