  Map.cpp
D:\ionut\Info\Faculta\sem II\SDA - Structuri de Date si Algoritmi ( Diana Cristea - Troanca, Solea Victor )\Laboratoare\L5Root\l5_2\Map.cpp(147,18): error C2143: syntax error: missing ';' before '*'
D:\ionut\Info\Faculta\sem II\SDA - Structuri de Date si Algoritmi ( Diana Cristea - Troanca, Solea Victor )\Laboratoare\L5Root\l5_2\Map.cpp(147,20): error C2059: syntax error: '='
D:\ionut\Info\Faculta\sem II\SDA - Structuri de Date si Algoritmi ( Diana Cristea - Troanca, Solea Victor )\Laboratoare\L5Root\l5_2\Map.cpp(156,50): error C2059: syntax error: ';'
D:\ionut\Info\Faculta\sem II\SDA - Structuri de Date si Algoritmi ( Diana Cristea - Troanca, Solea Victor )\Laboratoare\L5Root\l5_2\Map.cpp(156,69): error C2440: 'return': cannot convert from 'std::pair<TKey,TValue>' to 'TValue'
D:\ionut\Info\Faculta\sem II\SDA - Structuri de Date si Algoritmi ( Diana Cristea - Troanca, Solea Victor )\Laboratoare\L5Root\l5_2\Map.cpp(156,59): message : No user-defined-conversion operator available that can perform this conversion, or the operator cannot be called
D:\ionut\Info\Faculta\sem II\SDA - Structuri de Date si Algoritmi ( Diana Cristea - Troanca, Solea Victor )\Laboratoare\L5Root\l5_2\Map.cpp(159,7): error C2062: type 'int' unexpected
D:\ionut\Info\Faculta\sem II\SDA - Structuri de Date si Algoritmi ( Diana Cristea - Troanca, Solea Victor )\Laboratoare\L5Root\l5_2\Map.cpp(161,11): error C2059: syntax error: ')'
D:\ionut\Info\Faculta\sem II\SDA - Structuri de Date si Algoritmi ( Diana Cristea - Troanca, Solea Victor )\Laboratoare\L5Root\l5_2\Map.cpp(191,30): error C2678: binary '!=': no operator found which takes a left-hand operand of type 'TElem' (or there is no acceptable conversion)
C:\Program Files (x86)\Microsoft Visual Studio\2019\Community\VC\Tools\MSVC\14.25.28610\include\exception(281,28): message : could be 'bool std::operator !=(const std::exception_ptr &,const std::exception_ptr &) noexcept' [found using argument-dependent lookup]
C:\Program Files (x86)\Microsoft Visual Studio\2019\Community\VC\Tools\MSVC\14.25.28610\include\exception(285,28): message : or       'bool std::operator !=(std::nullptr_t,const std::exception_ptr &) noexcept' [found using argument-dependent lookup]
C:\Program Files (x86)\Microsoft Visual Studio\2019\Community\VC\Tools\MSVC\14.25.28610\include\exception(289,28): message : or       'bool std::operator !=(const std::exception_ptr &,std::nullptr_t) noexcept' [found using argument-dependent lookup]
C:\Program Files (x86)\Microsoft Visual Studio\2019\Community\VC\Tools\MSVC\14.25.28610\include\system_error(173,28): message : or       'bool std::operator !=(const std::error_code &,const std::error_code &) noexcept' [found using argument-dependent lookup]
C:\Program Files (x86)\Microsoft Visual Studio\2019\Community\VC\Tools\MSVC\14.25.28610\include\system_error(177,28): message : or       'bool std::operator !=(const std::error_code &,const std::error_condition &) noexcept' [found using argument-dependent lookup]
C:\Program Files (x86)\Microsoft Visual Studio\2019\Community\VC\Tools\MSVC\14.25.28610\include\system_error(181,28): message : or       'bool std::operator !=(const std::error_condition &,const std::error_code &) noexcept' [found using argument-dependent lookup]
C:\Program Files (x86)\Microsoft Visual Studio\2019\Community\VC\Tools\MSVC\14.25.28610\include\system_error(247,28): message : or       'bool std::operator !=(const std::error_condition &,const std::error_condition &) noexcept' [found using argument-dependent lookup]
D:\ionut\Info\Faculta\sem II\SDA - Structuri de Date si Algoritmi ( Diana Cristea - Troanca, Solea Victor )\Laboratoare\L5Root\l5_2\Map.cpp(191,30): message : while trying to match the argument list '(TElem, int)'
D:\ionut\Info\Faculta\sem II\SDA - Structuri de Date si Algoritmi ( Diana Cristea - Troanca, Solea Victor )\Laboratoare\L5Root\l5_2\Map.cpp(194,30): error C2678: binary '!=': no operator found which takes a left-hand operand of type 'TElem' (or there is no acceptable conversion)
C:\Program Files (x86)\Microsoft Visual Studio\2019\Community\VC\Tools\MSVC\14.25.28610\include\exception(281,28): message : could be 'bool std::operator !=(const std::exception_ptr &,const std::exception_ptr &) noexcept' [found using argument-dependent lookup]
C:\Program Files (x86)\Microsoft Visual Studio\2019\Community\VC\Tools\MSVC\14.25.28610\include\exception(285,28): message : or       'bool std::operator !=(std::nullptr_t,const std::exception_ptr &) noexcept' [found using argument-dependent lookup]
C:\Program Files (x86)\Microsoft Visual Studio\2019\Community\VC\Tools\MSVC\14.25.28610\include\exception(289,28): message : or       'bool std::operator !=(const std::exception_ptr &,std::nullptr_t) noexcept' [found using argument-dependent lookup]
C:\Program Files (x86)\Microsoft Visual Studio\2019\Community\VC\Tools\MSVC\14.25.28610\include\system_error(173,28): message : or       'bool std::operator !=(const std::error_code &,const std::error_code &) noexcept' [found using argument-dependent lookup]
C:\Program Files (x86)\Microsoft Visual Studio\2019\Community\VC\Tools\MSVC\14.25.28610\include\system_error(177,28): message : or       'bool std::operator !=(const std::error_code &,const std::error_condition &) noexcept' [found using argument-dependent lookup]
C:\Program Files (x86)\Microsoft Visual Studio\2019\Community\VC\Tools\MSVC\14.25.28610\include\system_error(181,28): message : or       'bool std::operator !=(const std::error_condition &,const std::error_code &) noexcept' [found using argument-dependent lookup]
C:\Program Files (x86)\Microsoft Visual Studio\2019\Community\VC\Tools\MSVC\14.25.28610\include\system_error(247,28): message : or       'bool std::operator !=(const std::error_condition &,const std::error_condition &) noexcept' [found using argument-dependent lookup]
D:\ionut\Info\Faculta\sem II\SDA - Structuri de Date si Algoritmi ( Diana Cristea - Troanca, Solea Victor )\Laboratoare\L5Root\l5_2\Map.cpp(194,30): message : while trying to match the argument list '(TElem, int)'
  MapIterator.cpp
  ShortTest.cpp
  Generating Code...
